<?xml version="1.0" encoding="UTF-8"?>
<coverage generated="1787659162124" clover="3.2.0">
  <project timestamp="1787659162124" name="All files">
    <metrics statements="285" coveredstatements="275" conditionals="134" coveredconditionals="113" methods="67" coveredmethods="61" elements="486" coveredelements="449" complexity="0" loc="285" ncloc="285" packages="4" files="9" classes="9"/>
    <package name="api">
      <metrics statements="35" coveredstatements="35" conditionals="12" coveredconditionals="10" methods="9" coveredmethods="9"/>
      <file name="client.ts" path="C:\Coding\Friend-Cost\frontend\src\api\client.ts">
        <metrics statements="33" coveredstatements="33" conditionals="12" coveredconditionals="10" methods="9" coveredmethods="9"/>
        <line num="15" count="2" type="cond" truecount="2" falsecount="0"/>
        <line num="24" count="7" type="stmt"/>
        <line num="25" count="7" type="stmt"/>
        <line num="26" count="7" type="stmt"/>
        <line num="27" count="7" type="stmt"/>
        <line num="28" count="7" type="stmt"/>
        <line num="32" count="2" type="stmt"/>
        <line num="39" count="7" type="cond" truecount="2" falsecount="0"/>
        <line num="40" count="1" type="stmt"/>
        <line num="44" count="6" type="stmt"/>
        <line num="45" count="6" type="stmt"/>
        <line num="47" count="1" type="cond" truecount="1" falsecount="1"/>
        <line num="48" count="1" type="stmt"/>
        <line num="51" count="5" type="cond" truecount="2" falsecount="0"/>
        <line num="52" count="3" type="stmt"/>
        <line num="53" count="3" type="cond" truecount="1" falsecount="1"/>
        <line num="55" count="2" type="stmt"/>
        <line num="60" count="8" type="stmt"/>
        <line num="61" count="8" type="stmt"/>
        <line num="64" count="1" type="stmt"/>
        <line num="66" count="7" type="stmt"/>
        <line num="70" count="4" type="stmt"/>
        <line num="71" count="4" type="stmt"/>
        <line num="72" count="5" type="stmt"/>
        <line num="74" count="4" type="stmt"/>
        <line num="78" count="2" type="stmt"/>
        <line num="82" count="1" type="stmt"/>
        <line num="86" count="1" type="stmt"/>
        <line num="96" count="3" type="stmt"/>
        <line num="97" count="3" type="cond" truecount="2" falsecount="0"/>
        <line num="98" count="1" type="stmt"/>
        <line num="99" count="1" type="stmt"/>
        <line num="101" count="2" type="stmt"/>
      </file>
      <file name="types.ts" path="C:\Coding\Friend-Cost\frontend\src\api\types.ts">
        <metrics statements="2" coveredstatements="2" conditionals="0" coveredconditionals="0" methods="0" coveredmethods="0"/>
        <line num="84" count="1" type="stmt"/>
        <line num="93" count="1" type="stmt"/>
      </file>
    </package>
    <package name="components">
      <metrics statements="70" coveredstatements="65" conditionals="62" coveredconditionals="58" methods="28" coveredmethods="23"/>
      <file name="Failure.tsx" path="C:\Coding\Friend-Cost\frontend\src\components\Failure.tsx">
        <metrics statements="4" coveredstatements="4" conditionals="4" coveredconditionals="4" methods="1" coveredmethods="1"/>
        <line num="22" count="1" type="stmt"/>
        <line num="90" count="1" type="stmt"/>
        <line num="97" count="10" type="cond" truecount="2" falsecount="0"/>
        <line num="99" count="10" type="stmt"/>
      </file>
      <file name="Progress.tsx" path="C:\Coding\Friend-Cost\frontend\src\components\Progress.tsx">
        <metrics statements="8" coveredstatements="8" conditionals="16" coveredconditionals="16" methods="2" coveredmethods="2"/>
        <line num="16" count="1" type="stmt"/>
        <line num="19" count="7" type="cond" truecount="4" falsecount="0"/>
        <line num="21" count="7" type="cond" truecount="2" falsecount="0"/>
        <line num="27" count="7" type="cond" truecount="2" falsecount="0"/>
        <line num="29" count="7" type="stmt"/>
        <line num="48" count="35" type="stmt"/>
        <line num="49" count="35" type="stmt"/>
        <line num="50" count="35" type="stmt"/>
      </file>
      <file name="Result.tsx" path="C:\Coding\Friend-Cost\frontend\src\components\Result.tsx">
        <metrics statements="22" coveredstatements="21" conditionals="20" coveredconditionals="18" methods="10" coveredmethods="9"/>
        <line num="28" count="19" type="stmt"/>
        <line num="30" count="19" type="stmt"/>
        <line num="31" count="15" type="stmt"/>
        <line num="32" count="0" type="stmt"/>
        <line num="34" count="15" type="stmt"/>
        <line num="37" count="19" type="stmt"/>
        <line num="41" count="19" type="stmt"/>
        <line num="42" count="19" type="stmt"/>
        <line num="43" count="19" type="stmt"/>
        <line num="44" count="19" type="stmt"/>
        <line num="46" count="19" type="stmt"/>
        <line num="47" count="15" type="cond" truecount="1" falsecount="1"/>
        <line num="51" count="2" type="cond" truecount="1" falsecount="1"/>
        <line num="52" count="2" type="stmt"/>
        <line num="53" count="2" type="stmt"/>
        <line num="54" count="2" type="cond" truecount="2" falsecount="0"/>
        <line num="57" count="19" type="stmt"/>
        <line num="58" count="19" type="stmt"/>
        <line num="60" count="19" type="stmt"/>
        <line num="69" count="19" type="stmt"/>
        <line num="83" count="114" type="stmt"/>
        <line num="94" count="38" type="stmt"/>
      </file>
      <file name="Uploader.tsx" path="C:\Coding\Friend-Cost\frontend\src\components\Uploader.tsx">
        <metrics statements="36" coveredstatements="32" conditionals="22" coveredconditionals="20" methods="15" coveredmethods="11"/>
        <line num="10" count="1" type="stmt"/>
        <line num="11" count="1" type="stmt"/>
        <line num="12" count="1" type="stmt"/>
        <line num="13" count="1" type="stmt"/>
        <line num="26" count="20" type="stmt"/>
        <line num="27" count="20" type="stmt"/>
        <line num="28" count="20" type="stmt"/>
        <line num="31" count="8" type="cond" truecount="1" falsecount="1"/>
        <line num="32" count="8" type="cond" truecount="2" falsecount="0"/>
        <line num="34" count="7" type="stmt"/>
        <line num="35" count="7" type="stmt"/>
        <line num="36" count="13" type="cond" truecount="2" falsecount="0"/>
        <line num="37" count="12" type="cond" truecount="2" falsecount="0"/>
        <line num="38" count="11" type="stmt"/>
        <line num="40" count="5" type="cond" truecount="2" falsecount="0"/>
        <line num="41" count="4" type="stmt"/>
        <line num="45" count="8" type="cond" truecount="1" falsecount="1"/>
        <line num="46" count="8" type="stmt"/>
        <line num="47" count="8" type="stmt"/>
        <line num="48" count="8" type="stmt"/>
        <line num="49" count="8" type="cond" truecount="2" falsecount="0"/>
        <line num="51" count="4" type="stmt"/>
        <line num="52" count="6" type="stmt"/>
        <line num="56" count="1" type="stmt"/>
        <line num="57" count="2" type="stmt"/>
        <line num="58" count="1" type="stmt"/>
        <line num="59" count="1" type="stmt"/>
        <line num="62" count="20" type="stmt"/>
        <line num="73" count="0" type="stmt"/>
        <line num="74" count="0" type="stmt"/>
        <line num="76" count="0" type="stmt"/>
        <line num="77" count="0" type="stmt"/>
        <line num="86" count="8" type="stmt"/>
        <line num="99" count="7" type="stmt"/>
        <line num="104" count="1" type="stmt"/>
        <line num="125" count="1" type="stmt"/>
      </file>
    </package>
    <package name="hooks">
      <metrics statements="62" coveredstatements="60" conditionals="30" coveredconditionals="18" methods="17" coveredmethods="16"/>
      <file name="useAnalysis.ts" path="C:\Coding\Friend-Cost\frontend\src\hooks\useAnalysis.ts">
        <metrics statements="62" coveredstatements="60" conditionals="30" coveredconditionals="18" methods="17" coveredmethods="16"/>
        <line num="30" count="1" type="stmt"/>
        <line num="38" count="1" type="stmt"/>
        <line num="41" count="2" type="cond" truecount="1" falsecount="1"/>
        <line num="42" count="2" type="stmt"/>
        <line num="44" count="0" type="stmt"/>
        <line num="52" count="31" type="stmt"/>
        <line num="55" count="31" type="stmt"/>
        <line num="56" count="31" type="stmt"/>
        <line num="57" count="31" type="stmt"/>
        <line num="59" count="31" type="stmt"/>
        <line num="60" count="20" type="cond" truecount="2" falsecount="0"/>
        <line num="61" count="8" type="stmt"/>
        <line num="62" count="8" type="stmt"/>
        <line num="67" count="31" type="stmt"/>
        <line num="68" count="9" type="stmt"/>
        <line num="69" count="0" type="cond" truecount="0" falsecount="2"/>
        <line num="71" count="9" type="stmt"/>
        <line num="72" count="9" type="stmt"/>
        <line num="73" count="9" type="stmt"/>
        <line num="74" count="9" type="stmt"/>
        <line num="75" count="9" type="stmt"/>
        <line num="76" count="9" type="cond" truecount="2" falsecount="0"/>
        <line num="80" count="31" type="stmt"/>
        <line num="82" count="11" type="cond" truecount="1" falsecount="1"/>
        <line num="84" count="11" type="stmt"/>
        <line num="85" count="11" type="stmt"/>
        <line num="86" count="10" type="cond" truecount="1" falsecount="1"/>
        <line num="88" count="10" type="cond" truecount="2" falsecount="0"/>
        <line num="89" count="6" type="stmt"/>
        <line num="90" count="6" type="cond" truecount="1" falsecount="1"/>
        <line num="91" count="6" type="stmt"/>
        <line num="98" count="6" type="stmt"/>
        <line num="101" count="4" type="cond" truecount="2" falsecount="0"/>
        <line num="102" count="1" type="stmt"/>
        <line num="108" count="1" type="stmt"/>
        <line num="111" count="3" type="stmt"/>
        <line num="118" count="3" type="cond" truecount="1" falsecount="1"/>
        <line num="119" count="11" type="stmt"/>
        <line num="121" count="1" type="cond" truecount="1" falsecount="1"/>
        <line num="122" count="1" type="stmt"/>
        <line num="133" count="31" type="stmt"/>
        <line num="135" count="9" type="stmt"/>
        <line num="136" count="9" type="stmt"/>
        <line num="138" count="9" type="stmt"/>
        <line num="139" count="9" type="stmt"/>
        <line num="140" count="8" type="cond" truecount="1" falsecount="1"/>
        <line num="142" count="8" type="stmt"/>
        <line num="143" count="8" type="stmt"/>
        <line num="149" count="8" type="stmt"/>
        <line num="150" count="8" type="stmt"/>
        <line num="154" count="1" type="cond" truecount="1" falsecount="1"/>
        <line num="155" count="1" type="stmt"/>
        <line num="162" count="31" type="stmt"/>
        <line num="163" count="2" type="stmt"/>
        <line num="164" count="2" type="stmt"/>
        <line num="165" count="2" type="stmt"/>
        <line num="166" count="2" type="stmt"/>
        <line num="167" count="2" type="cond" truecount="1" falsecount="1"/>
        <line num="168" count="2" type="stmt"/>
        <line num="172" count="31" type="stmt"/>
        <line num="173" count="2" type="stmt"/>
        <line num="176" count="31" type="stmt"/>
      </file>
    </package>
    <package name="lib">
      <metrics statements="118" coveredstatements="115" conditionals="30" coveredconditionals="27" methods="13" coveredmethods="13"/>
      <file name="format.ts" path="C:\Coding\Friend-Cost\frontend\src\lib\format.ts">
        <metrics statements="21" coveredstatements="21" conditionals="14" coveredconditionals="14" methods="5" coveredmethods="5"/>
        <line num="6" count="27" type="stmt"/>
        <line num="10" count="29" type="stmt"/>
        <line num="20" count="58" type="cond" truecount="2" falsecount="0"/>
        <line num="21" count="55" type="cond" truecount="2" falsecount="0"/>
        <line num="23" count="53" type="stmt"/>
        <line num="24" count="53" type="cond" truecount="2" falsecount="0"/>
        <line num="26" count="3" type="stmt"/>
        <line num="27" count="3" type="stmt"/>
        <line num="28" count="3" type="cond" truecount="2" falsecount="0"/>
        <line num="32" count="23" type="cond" truecount="2" falsecount="0"/>
        <line num="33" count="22" type="stmt"/>
        <line num="34" count="22" type="cond" truecount="2" falsecount="0"/>
        <line num="35" count="21" type="cond" truecount="2" falsecount="0"/>
        <line num="36" count="1" type="stmt"/>
        <line num="37" count="1" type="stmt"/>
        <line num="40" count="3" type="stmt"/>
        <line num="47" count="3" type="stmt"/>
        <line num="55" count="22" type="stmt"/>
        <line num="56" count="22" type="stmt"/>
        <line num="57" count="22" type="stmt"/>
        <line num="58" count="22" type="stmt"/>
      </file>
      <file name="shareImage.ts" path="C:\Coding\Friend-Cost\frontend\src\lib\shareImage.ts">
        <metrics statements="97" coveredstatements="94" conditionals="16" coveredconditionals="13" methods="8" coveredmethods="8"/>
        <line num="16" count="1" type="stmt"/>
        <line num="17" count="1" type="stmt"/>
        <line num="18" count="1" type="stmt"/>
        <line num="19" count="1" type="stmt"/>
        <line num="20" count="1" type="stmt"/>
        <line num="21" count="1" type="stmt"/>
        <line num="22" count="1" type="stmt"/>
        <line num="25" count="1" type="stmt"/>
        <line num="28" count="85" type="stmt"/>
        <line num="40" count="10" type="stmt"/>
        <line num="41" count="10" type="stmt"/>
        <line num="42" count="10" type="stmt"/>
        <line num="44" count="10" type="stmt"/>
        <line num="45" count="65" type="cond" truecount="2" falsecount="0"/>
        <line num="46" count="65" type="cond" truecount="2" falsecount="2"/>
        <line num="47" count="0" type="stmt"/>
        <line num="48" count="0" type="stmt"/>
        <line num="49" count="0" type="stmt"/>
        <line num="51" count="65" type="stmt"/>
        <line num="54" count="10" type="cond" truecount="1" falsecount="1"/>
        <line num="55" count="10" type="stmt"/>
        <line num="56" count="10" type="stmt"/>
        <line num="58" count="10" type="stmt"/>
        <line num="69" count="30" type="stmt"/>
        <line num="70" count="30" type="stmt"/>
        <line num="71" count="30" type="stmt"/>
        <line num="72" count="30" type="stmt"/>
        <line num="73" count="30" type="stmt"/>
        <line num="74" count="30" type="stmt"/>
        <line num="75" count="30" type="stmt"/>
        <line num="76" count="30" type="stmt"/>
        <line num="85" count="6" type="stmt"/>
        <line num="86" count="6" type="stmt"/>
        <line num="100" count="6" type="stmt"/>
        <line num="101" count="6" type="stmt"/>
        <line num="102" count="6" type="stmt"/>
        <line num="104" count="6" type="stmt"/>
        <line num="105" count="6" type="stmt"/>
        <line num="107" count="6" type="stmt"/>
        <line num="108" count="6" type="cond" truecount="2" falsecount="0"/>
        <line num="110" count="5" type="stmt"/>
        <line num="111" count="5" type="stmt"/>
        <line num="113" count="5" type="stmt"/>
        <line num="114" count="5" type="stmt"/>
        <line num="116" count="5" type="stmt"/>
        <line num="117" count="5" type="stmt"/>
        <line num="118" count="5" type="stmt"/>
        <line num="119" count="5" type="stmt"/>
        <line num="122" count="5" type="stmt"/>
        <line num="123" count="5" type="stmt"/>
        <line num="124" count="5" type="stmt"/>
        <line num="125" count="5" type="stmt"/>
        <line num="127" count="5" type="stmt"/>
        <line num="128" count="5" type="stmt"/>
        <line num="129" count="5" type="stmt"/>
        <line num="130" count="5" type="stmt"/>
        <line num="132" count="5" type="stmt"/>
        <line num="133" count="5" type="stmt"/>
        <line num="134" count="5" type="stmt"/>
        <line num="135" count="5" type="stmt"/>
        <line num="138" count="5" type="stmt"/>
        <line num="139" count="5" type="stmt"/>
        <line num="140" count="5" type="stmt"/>
        <line num="142" count="5" type="stmt"/>
        <line num="143" count="30" type="stmt"/>
        <line num="144" count="30" type="stmt"/>
        <line num="145" count="30" type="stmt"/>
        <line num="146" count="30" type="stmt"/>
        <line num="148" count="30" type="stmt"/>
        <line num="149" count="30" type="stmt"/>
        <line num="151" count="30" type="stmt"/>
        <line num="152" count="30" type="stmt"/>
        <line num="153" count="30" type="stmt"/>
        <line num="155" count="30" type="stmt"/>
        <line num="156" count="30" type="stmt"/>
        <line num="157" count="30" type="stmt"/>
        <line num="160" count="5" type="stmt"/>
        <line num="162" count="5" type="stmt"/>
        <line num="163" count="5" type="stmt"/>
        <line num="164" count="5" type="stmt"/>
        <line num="177" count="4" type="stmt"/>
        <line num="178" count="4" type="stmt"/>
        <line num="180" count="4" type="cond" truecount="2" falsecount="0"/>
        <line num="182" count="3" type="stmt"/>
        <line num="184" count="3" type="cond" truecount="2" falsecount="0"/>
        <line num="185" count="2" type="stmt"/>
        <line num="186" count="2" type="stmt"/>
        <line num="187" count="1" type="stmt"/>
        <line num="193" count="2" type="stmt"/>
        <line num="194" count="2" type="stmt"/>
        <line num="195" count="2" type="stmt"/>
        <line num="196" count="2" type="stmt"/>
        <line num="197" count="2" type="stmt"/>
        <line num="198" count="2" type="stmt"/>
        <line num="199" count="2" type="stmt"/>
        <line num="200" count="2" type="stmt"/>
        <line num="201" count="2" type="stmt"/>
      </file>
    </package>
  </project>
</coverage>
