{"C:\\Coding\\Friend-Cost\\frontend\\src\\api\\client.ts": {"path":"C:\\Coding\\Friend-Cost\\frontend\\src\\api\\client.ts","statementMap":{"0":{"start":{"line":15,"column":13},"end":{"line":15,"column":null}},"1":{"start":{"line":24,"column":4},"end":{"line":24,"column":null}},"2":{"start":{"line":25,"column":4},"end":{"line":25,"column":null}},"3":{"start":{"line":26,"column":4},"end":{"line":26,"column":null}},"4":{"start":{"line":27,"column":4},"end":{"line":27,"column":null}},"5":{"start":{"line":28,"column":4},"end":{"line":28,"column":null}},"6":{"start":{"line":32,"column":33},"end":{"line":36,"column":null}},"7":{"start":{"line":39,"column":2},"end":{"line":41,"column":null}},"8":{"start":{"line":40,"column":4},"end":{"line":40,"column":null}},"9":{"start":{"line":44,"column":2},"end":{"line":49,"column":null}},"10":{"start":{"line":45,"column":4},"end":{"line":45,"column":null}},"11":{"start":{"line":47,"column":4},"end":{"line":47,"column":null}},"12":{"start":{"line":47,"column":21},"end":{"line":47,"column":null}},"13":{"start":{"line":48,"column":4},"end":{"line":48,"column":null}},"14":{"start":{"line":51,"column":2},"end":{"line":54,"column":null}},"15":{"start":{"line":52,"column":19},"end":{"line":52,"column":null}},"16":{"start":{"line":53,"column":4},"end":{"line":53,"column":null}},"17":{"start":{"line":55,"column":2},"end":{"line":55,"column":null}},"18":{"start":{"line":60,"column":2},"end":{"line":65,"column":null}},"19":{"start":{"line":61,"column":4},"end":{"line":61,"column":null}},"20":{"start":{"line":64,"column":4},"end":{"line":64,"column":null}},"21":{"start":{"line":66,"column":2},"end":{"line":66,"column":null}},"22":{"start":{"line":70,"column":15},"end":{"line":70,"column":null}},"23":{"start":{"line":71,"column":2},"end":{"line":73,"column":null}},"24":{"start":{"line":72,"column":4},"end":{"line":72,"column":null}},"25":{"start":{"line":74,"column":2},"end":{"line":74,"column":null}},"26":{"start":{"line":78,"column":2},"end":{"line":78,"column":null}},"27":{"start":{"line":82,"column":2},"end":{"line":82,"column":null}},"28":{"start":{"line":86,"column":2},"end":{"line":86,"column":null}},"29":{"start":{"line":96,"column":14},"end":{"line":96,"column":null}},"30":{"start":{"line":97,"column":2},"end":{"line":100,"column":null}},"31":{"start":{"line":98,"column":4},"end":{"line":98,"column":null}},"32":{"start":{"line":99,"column":4},"end":{"line":99,"column":null}},"33":{"start":{"line":101,"column":2},"end":{"line":101,"column":null}},"34":{"start":{"line":101,"column":67},"end":{"line":101,"column":76}}},"fnMap":{"0":{"name":"constructor","decl":{"start":{"line":23,"column":2},"end":{"line":23,"column":14}},"loc":{"start":{"line":23,"column":47},"end":{"line":29,"column":null}},"line":23},"1":{"name":"parse","decl":{"start":{"line":38,"column":15},"end":{"line":38,"column":24}},"loc":{"start":{"line":38,"column":56},"end":{"line":56,"column":null}},"line":38},"2":{"name":"request","decl":{"start":{"line":58,"column":15},"end":{"line":58,"column":26}},"loc":{"start":{"line":58,"column":72},"end":{"line":67,"column":null}},"line":58},"3":{"name":"createAnalysis","decl":{"start":{"line":69,"column":22},"end":{"line":69,"column":37}},"loc":{"start":{"line":69,"column":77},"end":{"line":75,"column":null}},"line":69},"4":{"name":"getStatus","decl":{"start":{"line":77,"column":22},"end":{"line":77,"column":32}},"loc":{"start":{"line":77,"column":72},"end":{"line":79,"column":null}},"line":77},"5":{"name":"getResult","decl":{"start":{"line":81,"column":22},"end":{"line":81,"column":32}},"loc":{"start":{"line":81,"column":72},"end":{"line":83,"column":null}},"line":81},"6":{"name":"deleteAnalysis","decl":{"start":{"line":85,"column":22},"end":{"line":85,"column":37}},"loc":{"start":{"line":85,"column":67},"end":{"line":87,"column":null}},"line":85},"7":{"name":"requestDeletionOnUnload","decl":{"start":{"line":95,"column":16},"end":{"line":95,"column":40}},"loc":{"start":{"line":95,"column":61},"end":{"line":102,"column":null}},"line":95},"8":{"name":"(anonymous_8)","decl":{"start":{"line":101,"column":55},"end":{"line":101,"column":67}},"loc":{"start":{"line":101,"column":67},"end":{"line":101,"column":76}},"line":101}},"branchMap":{"0":{"loc":{"start":{"line":15,"column":13},"end":{"line":15,"column":null}},"type":"binary-expr","locations":[{"start":{"line":15,"column":13},"end":{"line":15,"column":46}},{"start":{"line":15,"column":46},"end":{"line":15,"column":null}}],"line":15},"1":{"loc":{"start":{"line":39,"column":2},"end":{"line":41,"column":null}},"type":"if","locations":[{"start":{"line":39,"column":2},"end":{"line":41,"column":null}},{"start":{},"end":{}}],"line":39},"2":{"loc":{"start":{"line":47,"column":4},"end":{"line":47,"column":null}},"type":"if","locations":[{"start":{"line":47,"column":4},"end":{"line":47,"column":null}},{"start":{},"end":{}}],"line":47},"3":{"loc":{"start":{"line":51,"column":2},"end":{"line":54,"column":null}},"type":"if","locations":[{"start":{"line":51,"column":2},"end":{"line":54,"column":null}},{"start":{},"end":{}}],"line":51},"4":{"loc":{"start":{"line":53,"column":40},"end":{"line":53,"column":62}},"type":"binary-expr","locations":[{"start":{"line":53,"column":40},"end":{"line":53,"column":49}},{"start":{"line":53,"column":49},"end":{"line":53,"column":62}}],"line":53},"5":{"loc":{"start":{"line":97,"column":2},"end":{"line":100,"column":null}},"type":"if","locations":[{"start":{"line":97,"column":2},"end":{"line":100,"column":null}},{"start":{},"end":{}}],"line":97}},"s":{"0":2,"1":7,"2":7,"3":7,"4":7,"5":7,"6":2,"7":7,"8":1,"9":6,"10":6,"11":1,"12":0,"13":1,"14":5,"15":3,"16":3,"17":2,"18":8,"19":8,"20":1,"21":7,"22":4,"23":4,"24":5,"25":4,"26":2,"27":1,"28":1,"29":3,"30":3,"31":1,"32":1,"33":2,"34":1},"f":{"0":7,"1":7,"2":8,"3":4,"4":2,"5":1,"6":1,"7":3,"8":1},"b":{"0":[2,2],"1":[1,6],"2":[0,1],"3":[3,2],"4":[3,0],"5":[1,2]},"meta":{"lastBranch":6,"lastFunction":9,"lastStatement":35,"seen":{"s:15:13:15:Infinity":0,"b:15:13:15:46:15:46:15:Infinity":0,"f:23:2:23:14":0,"s:24:4:24:Infinity":1,"s:25:4:25:Infinity":2,"s:26:4:26:Infinity":3,"s:27:4:27:Infinity":4,"s:28:4:28:Infinity":5,"s:32:33:36:Infinity":6,"f:38:15:38:24":1,"b:39:2:41:Infinity:undefined:undefined:undefined:undefined":1,"s:39:2:41:Infinity":7,"s:40:4:40:Infinity":8,"s:44:2:49:Infinity":9,"s:45:4:45:Infinity":10,"b:47:4:47:Infinity:undefined:undefined:undefined:undefined":2,"s:47:4:47:Infinity":11,"s:47:21:47:Infinity":12,"s:48:4:48:Infinity":13,"b:51:2:54:Infinity:undefined:undefined:undefined:undefined":3,"s:51:2:54:Infinity":14,"s:52:19:52:Infinity":15,"s:53:4:53:Infinity":16,"b:53:40:53:49:53:49:53:62":4,"s:55:2:55:Infinity":17,"f:58:15:58:26":2,"s:60:2:65:Infinity":18,"s:61:4:61:Infinity":19,"s:64:4:64:Infinity":20,"s:66:2:66:Infinity":21,"f:69:22:69:37":3,"s:70:15:70:Infinity":22,"s:71:2:73:Infinity":23,"s:72:4:72:Infinity":24,"s:74:2:74:Infinity":25,"f:77:22:77:32":4,"s:78:2:78:Infinity":26,"f:81:22:81:32":5,"s:82:2:82:Infinity":27,"f:85:22:85:37":6,"s:86:2:86:Infinity":28,"f:95:16:95:40":7,"s:96:14:96:Infinity":29,"b:97:2:100:Infinity:undefined:undefined:undefined:undefined":5,"s:97:2:100:Infinity":30,"s:98:4:98:Infinity":31,"s:99:4:99:Infinity":32,"s:101:2:101:Infinity":33,"f:101:55:101:67":8,"s:101:67:101:76":34},"fnNames":{}}}
,"C:\\Coding\\Friend-Cost\\frontend\\src\\api\\types.ts": {"path":"C:\\Coding\\Friend-Cost\\frontend\\src\\api\\types.ts","statementMap":{"0":{"start":{"line":84,"column":54},"end":{"line":90,"column":null}},"1":{"start":{"line":93,"column":56},"end":{"line":99,"column":null}}},"fnMap":{},"branchMap":{},"s":{"0":1,"1":1},"f":{},"b":{},"meta":{"lastBranch":0,"lastFunction":0,"lastStatement":2,"seen":{"s:84:54:90:Infinity":0,"s:93:56:99:Infinity":1},"fnNames":{}}}
,"C:\\Coding\\Friend-Cost\\frontend\\src\\components\\Failure.tsx": {"path":"C:\\Coding\\Friend-Cost\\frontend\\src\\components\\Failure.tsx","statementMap":{"0":{"start":{"line":22,"column":38},"end":{"line":88,"column":null}},"1":{"start":{"line":90,"column":24},"end":{"line":94,"column":null}},"2":{"start":{"line":97,"column":16},"end":{"line":97,"column":null}},"3":{"start":{"line":99,"column":2},"end":{"line":112,"column":null}}},"fnMap":{"0":{"name":"Failure","decl":{"start":{"line":96,"column":16},"end":{"line":96,"column":24}},"loc":{"start":{"line":96,"column":53},"end":{"line":114,"column":null}},"line":96}},"branchMap":{"0":{"loc":{"start":{"line":97,"column":16},"end":{"line":97,"column":null}},"type":"binary-expr","locations":[{"start":{"line":97,"column":16},"end":{"line":97,"column":38}},{"start":{"line":97,"column":38},"end":{"line":97,"column":null}}],"line":97},"1":{"loc":{"start":{"line":108,"column":9},"end":{"line":108,"column":null}},"type":"cond-expr","locations":[{"start":{"line":108,"column":23},"end":{"line":108,"column":35}},{"start":{"line":108,"column":35},"end":{"line":108,"column":null}}],"line":108}},"s":{"0":1,"1":1,"2":10,"3":10},"f":{"0":10},"b":{"0":[10,3],"1":[5,5]},"meta":{"lastBranch":2,"lastFunction":1,"lastStatement":4,"seen":{"s:22:38:88:Infinity":0,"s:90:24:94:Infinity":1,"f:96:16:96:24":0,"s:97:16:97:Infinity":2,"b:97:16:97:38:97:38:97:Infinity":0,"s:99:2:112:Infinity":3,"b:108:23:108:35:108:35:108:Infinity":1},"fnNames":{}}}
,"C:\\Coding\\Friend-Cost\\frontend\\src\\components\\Progress.tsx": {"path":"C:\\Coding\\Friend-Cost\\frontend\\src\\components\\Progress.tsx","statementMap":{"0":{"start":{"line":16,"column":32},"end":{"line":16,"column":null}},"1":{"start":{"line":19,"column":18},"end":{"line":19,"column":null}},"2":{"start":{"line":21,"column":4},"end":{"line":25,"column":null}},"3":{"start":{"line":27,"column":23},"end":{"line":27,"column":null}},"4":{"start":{"line":29,"column":2},"end":{"line":63,"column":null}},"5":{"start":{"line":48,"column":23},"end":{"line":48,"column":null}},"6":{"start":{"line":49,"column":25},"end":{"line":49,"column":null}},"7":{"start":{"line":50,"column":10},"end":{"line":59,"column":null}}},"fnMap":{"0":{"name":"Progress","decl":{"start":{"line":18,"column":16},"end":{"line":18,"column":25}},"loc":{"start":{"line":18,"column":50},"end":{"line":65,"column":null}},"line":18},"1":{"name":"(anonymous_1)","decl":{"start":{"line":47,"column":21},"end":{"line":47,"column":26}},"loc":{"start":{"line":47,"column":42},"end":{"line":61,"column":9}},"line":47}},"branchMap":{"0":{"loc":{"start":{"line":19,"column":18},"end":{"line":19,"column":null}},"type":"cond-expr","locations":[{"start":{"line":19,"column":42},"end":{"line":19,"column":46}},{"start":{"line":19,"column":46},"end":{"line":19,"column":null}}],"line":19},"1":{"loc":{"start":{"line":19,"column":46},"end":{"line":19,"column":null}},"type":"cond-expr","locations":[{"start":{"line":19,"column":54},"end":{"line":19,"column":78}},{"start":{"line":19,"column":78},"end":{"line":19,"column":null}}],"line":19},"2":{"loc":{"start":{"line":21,"column":4},"end":{"line":25,"column":null}},"type":"cond-expr","locations":[{"start":{"line":22,"column":8},"end":{"line":22,"column":null}},{"start":{"line":23,"column":8},"end":{"line":25,"column":null}}],"line":21},"3":{"loc":{"start":{"line":23,"column":8},"end":{"line":25,"column":null}},"type":"cond-expr","locations":[{"start":{"line":24,"column":10},"end":{"line":24,"column":null}},{"start":{"line":25,"column":10},"end":{"line":25,"column":null}}],"line":23},"4":{"loc":{"start":{"line":27,"column":23},"end":{"line":27,"column":null}},"type":"cond-expr","locations":[{"start":{"line":27,"column":31},"end":{"line":27,"column":60}},{"start":{"line":27,"column":60},"end":{"line":27,"column":null}}],"line":27},"5":{"loc":{"start":{"line":53,"column":33},"end":{"line":53,"column":57}},"type":"cond-expr","locations":[{"start":{"line":53,"column":40},"end":{"line":53,"column":54}},{"start":{"line":53,"column":54},"end":{"line":53,"column":57}}],"line":53},"6":{"loc":{"start":{"line":53,"column":60},"end":{"line":53,"column":null}},"type":"cond-expr","locations":[{"start":{"line":53,"column":69},"end":{"line":53,"column":85}},{"start":{"line":53,"column":85},"end":{"line":53,"column":null}}],"line":53},"7":{"loc":{"start":{"line":56,"column":17},"end":{"line":56,"column":null}},"type":"cond-expr","locations":[{"start":{"line":56,"column":24},"end":{"line":56,"column":30}},{"start":{"line":56,"column":30},"end":{"line":56,"column":null}}],"line":56}},"s":{"0":1,"1":7,"2":7,"3":7,"4":7,"5":35,"6":35,"7":35},"f":{"0":7,"1":35},"b":{"0":[1,6],"1":[5,1],"2":[1,6],"3":[5,1],"4":[5,2],"5":[13,22],"6":[5,30],"7":[13,22]},"meta":{"lastBranch":8,"lastFunction":2,"lastStatement":8,"seen":{"s:16:32:16:Infinity":0,"f:18:16:18:25":0,"s:19:18:19:Infinity":1,"b:19:42:19:46:19:46:19:Infinity":0,"b:19:54:19:78:19:78:19:Infinity":1,"s:21:4:25:Infinity":2,"b:22:8:22:Infinity:23:8:25:Infinity":2,"b:24:10:24:Infinity:25:10:25:Infinity":3,"s:27:23:27:Infinity":3,"b:27:31:27:60:27:60:27:Infinity":4,"s:29:2:63:Infinity":4,"f:47:21:47:26":1,"s:48:23:48:Infinity":5,"s:49:25:49:Infinity":6,"s:50:10:59:Infinity":7,"b:53:40:53:54:53:54:53:57":5,"b:53:69:53:85:53:85:53:Infinity":6,"b:56:24:56:30:56:30:56:Infinity":7},"fnNames":{}}}
,"C:\\Coding\\Friend-Cost\\frontend\\src\\components\\Result.tsx": {"path":"C:\\Coding\\Friend-Cost\\frontend\\src\\components\\Result.tsx","statementMap":{"0":{"start":{"line":28,"column":26},"end":{"line":28,"column":null}},"1":{"start":{"line":28,"column":41},"end":{"line":28,"column":82}},"2":{"start":{"line":30,"column":2},"end":{"line":35,"column":null}},"3":{"start":{"line":31,"column":15},"end":{"line":33,"column":null}},"4":{"start":{"line":32,"column":6},"end":{"line":32,"column":null}},"5":{"start":{"line":34,"column":4},"end":{"line":34,"column":null}},"6":{"start":{"line":34,"column":17},"end":{"line":34,"column":null}},"7":{"start":{"line":37,"column":2},"end":{"line":37,"column":null}},"8":{"start":{"line":41,"column":20},"end":{"line":41,"column":null}},"9":{"start":{"line":42,"column":36},"end":{"line":42,"column":null}},"10":{"start":{"line":43,"column":22},"end":{"line":43,"column":null}},"11":{"start":{"line":44,"column":18},"end":{"line":44,"column":null}},"12":{"start":{"line":46,"column":2},"end":{"line":48,"column":null}},"13":{"start":{"line":47,"column":4},"end":{"line":47,"column":null}},"14":{"start":{"line":47,"column":27},"end":{"line":47,"column":null}},"15":{"start":{"line":51,"column":4},"end":{"line":51,"column":null}},"16":{"start":{"line":51,"column":28},"end":{"line":51,"column":null}},"17":{"start":{"line":52,"column":4},"end":{"line":52,"column":null}},"18":{"start":{"line":53,"column":20},"end":{"line":53,"column":null}},"19":{"start":{"line":54,"column":4},"end":{"line":54,"column":null}},"20":{"start":{"line":57,"column":35},"end":{"line":57,"column":null}},"21":{"start":{"line":58,"column":15},"end":{"line":58,"column":null}},"22":{"start":{"line":60,"column":18},"end":{"line":67,"column":null}},"23":{"start":{"line":69,"column":2},"end":{"line":148,"column":null}},"24":{"start":{"line":83,"column":10},"end":{"line":89,"column":null}},"25":{"start":{"line":94,"column":8},"end":{"line":97,"column":null}}},"fnMap":{"0":{"name":"useCountdown","decl":{"start":{"line":27,"column":9},"end":{"line":27,"column":22}},"loc":{"start":{"line":27,"column":49},"end":{"line":38,"column":null}},"line":27},"1":{"name":"(anonymous_1)","decl":{"start":{"line":28,"column":26},"end":{"line":28,"column":41}},"loc":{"start":{"line":28,"column":41},"end":{"line":28,"column":82}},"line":28},"2":{"name":"(anonymous_2)","decl":{"start":{"line":30,"column":2},"end":{"line":30,"column":18}},"loc":{"start":{"line":30,"column":18},"end":{"line":35,"column":5}},"line":30},"3":{"name":"(anonymous_3)","decl":{"start":{"line":31,"column":22},"end":{"line":31,"column":40}},"loc":{"start":{"line":31,"column":40},"end":{"line":33,"column":7}},"line":31},"4":{"name":"(anonymous_4)","decl":{"start":{"line":34,"column":4},"end":{"line":34,"column":17}},"loc":{"start":{"line":34,"column":17},"end":{"line":34,"column":null}},"line":34},"5":{"name":"Result","decl":{"start":{"line":40,"column":16},"end":{"line":40,"column":23}},"loc":{"start":{"line":40,"column":53},"end":{"line":150,"column":null}},"line":40},"6":{"name":"(anonymous_6)","decl":{"start":{"line":46,"column":2},"end":{"line":46,"column":18}},"loc":{"start":{"line":46,"column":18},"end":{"line":48,"column":5}},"line":46},"7":{"name":"handleSave","decl":{"start":{"line":50,"column":17},"end":{"line":50,"column":30}},"loc":{"start":{"line":50,"column":30},"end":{"line":55,"column":null}},"line":50},"8":{"name":"(anonymous_8)","decl":{"start":{"line":82,"column":17},"end":{"line":82,"column":22}},"loc":{"start":{"line":83,"column":10},"end":{"line":89,"column":null}},"line":83},"9":{"name":"(anonymous_9)","decl":{"start":{"line":93,"column":23},"end":{"line":93,"column":28}},"loc":{"start":{"line":94,"column":8},"end":{"line":97,"column":null}},"line":94}},"branchMap":{"0":{"loc":{"start":{"line":47,"column":4},"end":{"line":47,"column":null}},"type":"if","locations":[{"start":{"line":47,"column":4},"end":{"line":47,"column":null}},{"start":{},"end":{}}],"line":47},"1":{"loc":{"start":{"line":51,"column":4},"end":{"line":51,"column":null}},"type":"if","locations":[{"start":{"line":51,"column":4},"end":{"line":51,"column":null}},{"start":{},"end":{}}],"line":51},"2":{"loc":{"start":{"line":54,"column":17},"end":{"line":54,"column":58}},"type":"cond-expr","locations":[{"start":{"line":54,"column":40},"end":{"line":54,"column":51}},{"start":{"line":54,"column":51},"end":{"line":54,"column":58}}],"line":54},"3":{"loc":{"start":{"line":79,"column":7},"end":{"line":79,"column":null}},"type":"binary-expr","locations":[{"start":{"line":79,"column":7},"end":{"line":79,"column":15}},{"start":{"line":79,"column":15},"end":{"line":79,"column":null}}],"line":79},"4":{"loc":{"start":{"line":87,"column":15},"end":{"line":88,"column":null}},"type":"binary-expr","locations":[{"start":{"line":87,"column":15},"end":{"line":87,"column":30}},{"start":{"line":87,"column":30},"end":{"line":88,"column":null}}],"line":87},"5":{"loc":{"start":{"line":120,"column":7},"end":{"line":123,"column":null}},"type":"binary-expr","locations":[{"start":{"line":120,"column":7},"end":{"line":120,"column":null}},{"start":{"line":121,"column":8},"end":{"line":123,"column":null}}],"line":120},"6":{"loc":{"start":{"line":130,"column":11},"end":{"line":130,"column":null}},"type":"cond-expr","locations":[{"start":{"line":130,"column":36},"end":{"line":130,"column":47}},{"start":{"line":130,"column":47},"end":{"line":130,"column":null}}],"line":130},"7":{"loc":{"start":{"line":137,"column":7},"end":{"line":138,"column":null}},"type":"binary-expr","locations":[{"start":{"line":137,"column":7},"end":{"line":137,"column":null}},{"start":{"line":138,"column":8},"end":{"line":138,"column":null}}],"line":137},"8":{"loc":{"start":{"line":141,"column":27},"end":{"line":141,"column":null}},"type":"cond-expr","locations":[{"start":{"line":141,"column":37},"end":{"line":141,"column":53}},{"start":{"line":141,"column":53},"end":{"line":141,"column":null}}],"line":141},"9":{"loc":{"start":{"line":142,"column":9},"end":{"line":144,"column":null}},"type":"cond-expr","locations":[{"start":{"line":143,"column":12},"end":{"line":143,"column":null}},{"start":{"line":144,"column":12},"end":{"line":144,"column":null}}],"line":142}},"s":{"0":19,"1":15,"2":19,"3":15,"4":0,"5":15,"6":15,"7":19,"8":19,"9":19,"10":19,"11":19,"12":19,"13":15,"14":15,"15":2,"16":0,"17":2,"18":2,"19":2,"20":19,"21":19,"22":19,"23":19,"24":114,"25":38},"f":{"0":19,"1":15,"2":15,"3":0,"4":15,"5":19,"6":15,"7":2,"8":114,"9":38},"b":{"0":[15,0],"1":[0,2],"2":[1,1],"3":[19,2],"4":[114,57],"5":[19,1],"6":[2,17],"7":[19,1],"8":[1,18],"9":[1,18]},"meta":{"lastBranch":10,"lastFunction":10,"lastStatement":26,"seen":{"f:27:9:27:22":0,"s:28:26:28:Infinity":0,"f:28:26:28:41":1,"s:28:41:28:82":1,"s:30:2:35:Infinity":2,"f:30:2:30:18":2,"s:31:15:33:Infinity":3,"f:31:22:31:40":3,"s:32:6:32:Infinity":4,"s:34:4:34:Infinity":5,"f:34:4:34:17":4,"s:34:17:34:Infinity":6,"s:37:2:37:Infinity":7,"f:40:16:40:23":5,"s:41:20:41:Infinity":8,"s:42:36:42:Infinity":9,"s:43:22:43:Infinity":10,"s:44:18:44:Infinity":11,"s:46:2:48:Infinity":12,"f:46:2:46:18":6,"b:47:4:47:Infinity:undefined:undefined:undefined:undefined":0,"s:47:4:47:Infinity":13,"s:47:27:47:Infinity":14,"f:50:17:50:30":7,"b:51:4:51:Infinity:undefined:undefined:undefined:undefined":1,"s:51:4:51:Infinity":15,"s:51:28:51:Infinity":16,"s:52:4:52:Infinity":17,"s:53:20:53:Infinity":18,"s:54:4:54:Infinity":19,"b:54:40:54:51:54:51:54:58":2,"s:57:35:57:Infinity":20,"s:58:15:58:Infinity":21,"s:60:18:67:Infinity":22,"s:69:2:148:Infinity":23,"b:79:7:79:15:79:15:79:Infinity":3,"f:82:17:82:22":8,"s:83:10:89:Infinity":24,"b:87:15:87:30:87:30:88:Infinity":4,"f:93:23:93:28":9,"s:94:8:97:Infinity":25,"b:120:7:120:Infinity:121:8:123:Infinity":5,"b:130:36:130:47:130:47:130:Infinity":6,"b:137:7:137:Infinity:138:8:138:Infinity":7,"b:141:37:141:53:141:53:141:Infinity":8,"b:143:12:143:Infinity:144:12:144:Infinity":9},"fnNames":{}}}
,"C:\\Coding\\Friend-Cost\\frontend\\src\\components\\Uploader.tsx": {"path":"C:\\Coding\\Friend-Cost\\frontend\\src\\components\\Uploader.tsx","statementMap":{"0":{"start":{"line":10,"column":19},"end":{"line":10,"column":null}},"1":{"start":{"line":11,"column":24},"end":{"line":11,"column":null}},"2":{"start":{"line":12,"column":24},"end":{"line":12,"column":null}},"3":{"start":{"line":13,"column":16},"end":{"line":13,"column":null}},"4":{"start":{"line":26,"column":30},"end":{"line":26,"column":null}},"5":{"start":{"line":27,"column":32},"end":{"line":27,"column":null}},"6":{"start":{"line":28,"column":19},"end":{"line":28,"column":null}},"7":{"start":{"line":31,"column":4},"end":{"line":31,"column":null}},"8":{"start":{"line":31,"column":28},"end":{"line":31,"column":null}},"9":{"start":{"line":32,"column":4},"end":{"line":32,"column":null}},"10":{"start":{"line":32,"column":35},"end":{"line":32,"column":null}},"11":{"start":{"line":34,"column":16},"end":{"line":34,"column":null}},"12":{"start":{"line":35,"column":4},"end":{"line":39,"column":null}},"13":{"start":{"line":36,"column":6},"end":{"line":36,"column":null}},"14":{"start":{"line":36,"column":40},"end":{"line":36,"column":null}},"15":{"start":{"line":37,"column":6},"end":{"line":37,"column":null}},"16":{"start":{"line":37,"column":39},"end":{"line":37,"column":null}},"17":{"start":{"line":38,"column":6},"end":{"line":38,"column":null}},"18":{"start":{"line":40,"column":4},"end":{"line":40,"column":null}},"19":{"start":{"line":40,"column":33},"end":{"line":40,"column":null}},"20":{"start":{"line":41,"column":4},"end":{"line":41,"column":null}},"21":{"start":{"line":45,"column":4},"end":{"line":45,"column":null}},"22":{"start":{"line":45,"column":15},"end":{"line":45,"column":null}},"23":{"start":{"line":46,"column":18},"end":{"line":46,"column":null}},"24":{"start":{"line":47,"column":18},"end":{"line":47,"column":null}},"25":{"start":{"line":48,"column":4},"end":{"line":48,"column":null}},"26":{"start":{"line":49,"column":4},"end":{"line":49,"column":null}},"27":{"start":{"line":49,"column":15},"end":{"line":49,"column":null}},"28":{"start":{"line":51,"column":4},"end":{"line":51,"column":null}},"29":{"start":{"line":51,"column":29},"end":{"line":51,"column":58}},"30":{"start":{"line":52,"column":4},"end":{"line":52,"column":null}},"31":{"start":{"line":52,"column":35},"end":{"line":52,"column":76}},"32":{"start":{"line":56,"column":4},"end":{"line":56,"column":null}},"33":{"start":{"line":57,"column":17},"end":{"line":57,"column":null}},"34":{"start":{"line":57,"column":48},"end":{"line":57,"column":66}},"35":{"start":{"line":58,"column":4},"end":{"line":58,"column":null}},"36":{"start":{"line":59,"column":4},"end":{"line":59,"column":null}},"37":{"start":{"line":62,"column":2},"end":{"line":134,"column":null}},"38":{"start":{"line":73,"column":23},"end":{"line":73,"column":null}},"39":{"start":{"line":74,"column":31},"end":{"line":74,"column":null}},"40":{"start":{"line":76,"column":10},"end":{"line":76,"column":null}},"41":{"start":{"line":77,"column":10},"end":{"line":77,"column":null}},"42":{"start":{"line":86,"column":31},"end":{"line":86,"column":null}},"43":{"start":{"line":99,"column":14},"end":{"line":110,"column":null}},"44":{"start":{"line":104,"column":33},"end":{"line":104,"column":null}},"45":{"start":{"line":125,"column":23},"end":{"line":125,"column":null}},"46":{"start":{"line":125,"column":52},"end":{"line":125,"column":61}}},"fnMap":{"0":{"name":"Uploader","decl":{"start":{"line":25,"column":16},"end":{"line":25,"column":25}},"loc":{"start":{"line":25,"column":51},"end":{"line":136,"column":null}},"line":25},"1":{"name":"validate","decl":{"start":{"line":30,"column":11},"end":{"line":30,"column":20}},"loc":{"start":{"line":30,"column":50},"end":{"line":42,"column":null}},"line":30},"2":{"name":"handleSelect","decl":{"start":{"line":44,"column":11},"end":{"line":44,"column":24}},"loc":{"start":{"line":44,"column":47},"end":{"line":53,"column":null}},"line":44},"3":{"name":"(anonymous_3)","decl":{"start":{"line":51,"column":11},"end":{"line":51,"column":20}},"loc":{"start":{"line":51,"column":29},"end":{"line":51,"column":58}},"line":51},"4":{"name":"(anonymous_4)","decl":{"start":{"line":52,"column":20},"end":{"line":52,"column":25}},"loc":{"start":{"line":52,"column":35},"end":{"line":52,"column":76}},"line":52},"5":{"name":"remove","decl":{"start":{"line":55,"column":11},"end":{"line":55,"column":18}},"loc":{"start":{"line":55,"column":33},"end":{"line":60,"column":null}},"line":55},"6":{"name":"(anonymous_6)","decl":{"start":{"line":57,"column":24},"end":{"line":57,"column":32}},"loc":{"start":{"line":57,"column":48},"end":{"line":57,"column":66}},"line":57},"7":{"name":"(anonymous_7)","decl":{"start":{"line":73,"column":8},"end":{"line":73,"column":23}},"loc":{"start":{"line":73,"column":23},"end":{"line":73,"column":null}},"line":73},"8":{"name":"(anonymous_8)","decl":{"start":{"line":74,"column":8},"end":{"line":74,"column":21}},"loc":{"start":{"line":74,"column":31},"end":{"line":74,"column":null}},"line":74},"9":{"name":"(anonymous_9)","decl":{"start":{"line":75,"column":8},"end":{"line":75,"column":17}},"loc":{"start":{"line":75,"column":27},"end":{"line":78,"column":null}},"line":75},"10":{"name":"(anonymous_10)","decl":{"start":{"line":86,"column":10},"end":{"line":86,"column":21}},"loc":{"start":{"line":86,"column":31},"end":{"line":86,"column":null}},"line":86},"11":{"name":"(anonymous_11)","decl":{"start":{"line":98,"column":20},"end":{"line":98,"column":25}},"loc":{"start":{"line":99,"column":14},"end":{"line":110,"column":null}},"line":99},"12":{"name":"(anonymous_12)","decl":{"start":{"line":104,"column":18},"end":{"line":104,"column":33}},"loc":{"start":{"line":104,"column":33},"end":{"line":104,"column":null}},"line":104},"13":{"name":"(anonymous_13)","decl":{"start":{"line":125,"column":8},"end":{"line":125,"column":23}},"loc":{"start":{"line":125,"column":23},"end":{"line":125,"column":null}},"line":125},"14":{"name":"(anonymous_14)","decl":{"start":{"line":125,"column":38},"end":{"line":125,"column":43}},"loc":{"start":{"line":125,"column":52},"end":{"line":125,"column":61}},"line":125}},"branchMap":{"0":{"loc":{"start":{"line":31,"column":4},"end":{"line":31,"column":null}},"type":"if","locations":[{"start":{"line":31,"column":4},"end":{"line":31,"column":null}},{"start":{},"end":{}}],"line":31},"1":{"loc":{"start":{"line":32,"column":4},"end":{"line":32,"column":null}},"type":"if","locations":[{"start":{"line":32,"column":4},"end":{"line":32,"column":null}},{"start":{},"end":{}}],"line":32},"2":{"loc":{"start":{"line":36,"column":6},"end":{"line":36,"column":null}},"type":"if","locations":[{"start":{"line":36,"column":6},"end":{"line":36,"column":null}},{"start":{},"end":{}}],"line":36},"3":{"loc":{"start":{"line":37,"column":6},"end":{"line":37,"column":null}},"type":"if","locations":[{"start":{"line":37,"column":6},"end":{"line":37,"column":null}},{"start":{},"end":{}}],"line":37},"4":{"loc":{"start":{"line":40,"column":4},"end":{"line":40,"column":null}},"type":"if","locations":[{"start":{"line":40,"column":4},"end":{"line":40,"column":null}},{"start":{},"end":{}}],"line":40},"5":{"loc":{"start":{"line":45,"column":4},"end":{"line":45,"column":null}},"type":"if","locations":[{"start":{"line":45,"column":4},"end":{"line":45,"column":null}},{"start":{},"end":{}}],"line":45},"6":{"loc":{"start":{"line":49,"column":4},"end":{"line":49,"column":null}},"type":"if","locations":[{"start":{"line":49,"column":4},"end":{"line":49,"column":null}},{"start":{},"end":{}}],"line":49},"7":{"loc":{"start":{"line":95,"column":7},"end":{"line":116,"column":null}},"type":"binary-expr","locations":[{"start":{"line":95,"column":7},"end":{"line":95,"column":null}},{"start":{"line":96,"column":8},"end":{"line":116,"column":null}}],"line":95},"8":{"loc":{"start":{"line":119,"column":7},"end":{"line":119,"column":null}},"type":"binary-expr","locations":[{"start":{"line":119,"column":7},"end":{"line":119,"column":18}},{"start":{"line":119,"column":18},"end":{"line":119,"column":null}}],"line":119},"9":{"loc":{"start":{"line":124,"column":18},"end":{"line":124,"column":null}},"type":"binary-expr","locations":[{"start":{"line":124,"column":18},"end":{"line":124,"column":26}},{"start":{"line":124,"column":26},"end":{"line":124,"column":null}}],"line":124},"10":{"loc":{"start":{"line":127,"column":9},"end":{"line":127,"column":null}},"type":"cond-expr","locations":[{"start":{"line":127,"column":16},"end":{"line":127,"column":29}},{"start":{"line":127,"column":29},"end":{"line":127,"column":null}}],"line":127}},"s":{"0":1,"1":1,"2":1,"3":1,"4":20,"5":20,"6":20,"7":8,"8":0,"9":8,"10":1,"11":7,"12":7,"13":13,"14":1,"15":12,"16":1,"17":11,"18":5,"19":1,"20":4,"21":8,"22":0,"23":8,"24":8,"25":8,"26":8,"27":4,"28":4,"29":0,"30":4,"31":6,"32":1,"33":1,"34":2,"35":1,"36":1,"37":20,"38":0,"39":0,"40":0,"41":0,"42":8,"43":7,"44":1,"45":1,"46":1},"f":{"0":20,"1":8,"2":8,"3":0,"4":6,"5":1,"6":2,"7":0,"8":0,"9":0,"10":8,"11":7,"12":1,"13":1,"14":1},"b":{"0":[0,8],"1":[1,7],"2":[1,12],"3":[1,11],"4":[1,4],"5":[0,8],"6":[4,4],"7":[20,5],"8":[20,4],"9":[20,19],"10":[1,19]},"meta":{"lastBranch":11,"lastFunction":15,"lastStatement":47,"seen":{"s:10:19:10:Infinity":0,"s:11:24:11:Infinity":1,"s:12:24:12:Infinity":2,"s:13:16:13:Infinity":3,"f:25:16:25:25":0,"s:26:30:26:Infinity":4,"s:27:32:27:Infinity":5,"s:28:19:28:Infinity":6,"f:30:11:30:20":1,"b:31:4:31:Infinity:undefined:undefined:undefined:undefined":0,"s:31:4:31:Infinity":7,"s:31:28:31:Infinity":8,"b:32:4:32:Infinity:undefined:undefined:undefined:undefined":1,"s:32:4:32:Infinity":9,"s:32:35:32:Infinity":10,"s:34:16:34:Infinity":11,"s:35:4:39:Infinity":12,"b:36:6:36:Infinity:undefined:undefined:undefined:undefined":2,"s:36:6:36:Infinity":13,"s:36:40:36:Infinity":14,"b:37:6:37:Infinity:undefined:undefined:undefined:undefined":3,"s:37:6:37:Infinity":15,"s:37:39:37:Infinity":16,"s:38:6:38:Infinity":17,"b:40:4:40:Infinity:undefined:undefined:undefined:undefined":4,"s:40:4:40:Infinity":18,"s:40:33:40:Infinity":19,"s:41:4:41:Infinity":20,"f:44:11:44:24":2,"b:45:4:45:Infinity:undefined:undefined:undefined:undefined":5,"s:45:4:45:Infinity":21,"s:45:15:45:Infinity":22,"s:46:18:46:Infinity":23,"s:47:18:47:Infinity":24,"s:48:4:48:Infinity":25,"b:49:4:49:Infinity:undefined:undefined:undefined:undefined":6,"s:49:4:49:Infinity":26,"s:49:15:49:Infinity":27,"s:51:4:51:Infinity":28,"f:51:11:51:20":3,"s:51:29:51:58":29,"s:52:4:52:Infinity":30,"f:52:20:52:25":4,"s:52:35:52:76":31,"f:55:11:55:18":5,"s:56:4:56:Infinity":32,"s:57:17:57:Infinity":33,"f:57:24:57:32":6,"s:57:48:57:66":34,"s:58:4:58:Infinity":35,"s:59:4:59:Infinity":36,"s:62:2:134:Infinity":37,"f:73:8:73:23":7,"s:73:23:73:Infinity":38,"f:74:8:74:21":8,"s:74:31:74:Infinity":39,"f:75:8:75:17":9,"s:76:10:76:Infinity":40,"s:77:10:77:Infinity":41,"f:86:10:86:21":10,"s:86:31:86:Infinity":42,"b:95:7:95:Infinity:96:8:116:Infinity":7,"f:98:20:98:25":11,"s:99:14:110:Infinity":43,"f:104:18:104:33":12,"s:104:33:104:Infinity":44,"b:119:7:119:18:119:18:119:Infinity":8,"b:124:18:124:26:124:26:124:Infinity":9,"f:125:8:125:23":13,"s:125:23:125:Infinity":45,"f:125:38:125:43":14,"s:125:52:125:61":46,"b:127:16:127:29:127:29:127:Infinity":10},"fnNames":{}}}
,"C:\\Coding\\Friend-Cost\\frontend\\src\\hooks\\useAnalysis.ts": {"path":"C:\\Coding\\Friend-Cost\\frontend\\src\\hooks\\useAnalysis.ts","statementMap":{"0":{"start":{"line":30,"column":23},"end":{"line":36,"column":null}},"1":{"start":{"line":38,"column":30},"end":{"line":38,"column":null}},"2":{"start":{"line":41,"column":2},"end":{"line":43,"column":null}},"3":{"start":{"line":42,"column":4},"end":{"line":42,"column":null}},"4":{"start":{"line":44,"column":2},"end":{"line":48,"column":null}},"5":{"start":{"line":52,"column":28},"end":{"line":52,"column":null}},"6":{"start":{"line":55,"column":19},"end":{"line":55,"column":null}},"7":{"start":{"line":56,"column":19},"end":{"line":56,"column":null}},"8":{"start":{"line":57,"column":19},"end":{"line":57,"column":null}},"9":{"start":{"line":59,"column":21},"end":{"line":64,"column":null}},"10":{"start":{"line":60,"column":4},"end":{"line":63,"column":null}},"11":{"start":{"line":61,"column":6},"end":{"line":61,"column":null}},"12":{"start":{"line":62,"column":6},"end":{"line":62,"column":null}},"13":{"start":{"line":67,"column":2},"end":{"line":78,"column":null}},"14":{"start":{"line":68,"column":10},"end":{"line":70,"column":null}},"15":{"start":{"line":69,"column":6},"end":{"line":69,"column":null}},"16":{"start":{"line":69,"column":28},"end":{"line":69,"column":null}},"17":{"start":{"line":71,"column":4},"end":{"line":71,"column":null}},"18":{"start":{"line":72,"column":4},"end":{"line":77,"column":null}},"19":{"start":{"line":73,"column":6},"end":{"line":73,"column":null}},"20":{"start":{"line":74,"column":6},"end":{"line":74,"column":null}},"21":{"start":{"line":75,"column":6},"end":{"line":75,"column":null}},"22":{"start":{"line":76,"column":6},"end":{"line":76,"column":null}},"23":{"start":{"line":76,"column":28},"end":{"line":76,"column":null}},"24":{"start":{"line":80,"column":15},"end":{"line":131,"column":null}},"25":{"start":{"line":82,"column":6},"end":{"line":82,"column":null}},"26":{"start":{"line":82,"column":29},"end":{"line":82,"column":null}},"27":{"start":{"line":84,"column":6},"end":{"line":128,"column":null}},"28":{"start":{"line":85,"column":23},"end":{"line":85,"column":null}},"29":{"start":{"line":86,"column":8},"end":{"line":86,"column":null}},"30":{"start":{"line":86,"column":31},"end":{"line":86,"column":null}},"31":{"start":{"line":88,"column":8},"end":{"line":99,"column":null}},"32":{"start":{"line":89,"column":25},"end":{"line":89,"column":null}},"33":{"start":{"line":90,"column":10},"end":{"line":90,"column":null}},"34":{"start":{"line":90,"column":33},"end":{"line":90,"column":null}},"35":{"start":{"line":91,"column":10},"end":{"line":97,"column":null}},"36":{"start":{"line":98,"column":10},"end":{"line":98,"column":null}},"37":{"start":{"line":101,"column":8},"end":{"line":109,"column":null}},"38":{"start":{"line":102,"column":10},"end":{"line":107,"column":null}},"39":{"start":{"line":102,"column":30},"end":{"line":107,"column":12}},"40":{"start":{"line":108,"column":10},"end":{"line":108,"column":null}},"41":{"start":{"line":111,"column":8},"end":{"line":116,"column":null}},"42":{"start":{"line":111,"column":28},"end":{"line":116,"column":10}},"43":{"start":{"line":118,"column":14},"end":{"line":118,"column":null}},"44":{"start":{"line":119,"column":8},"end":{"line":119,"column":null}},"45":{"start":{"line":119,"column":51},"end":{"line":119,"column":69}},"46":{"start":{"line":121,"column":8},"end":{"line":121,"column":null}},"47":{"start":{"line":121,"column":31},"end":{"line":121,"column":null}},"48":{"start":{"line":122,"column":8},"end":{"line":127,"column":null}},"49":{"start":{"line":122,"column":28},"end":{"line":127,"column":10}},"50":{"start":{"line":133,"column":16},"end":{"line":159,"column":null}},"51":{"start":{"line":135,"column":6},"end":{"line":135,"column":null}},"52":{"start":{"line":136,"column":6},"end":{"line":136,"column":null}},"53":{"start":{"line":138,"column":6},"end":{"line":156,"column":null}},"54":{"start":{"line":139,"column":24},"end":{"line":139,"column":null}},"55":{"start":{"line":140,"column":8},"end":{"line":140,"column":null}},"56":{"start":{"line":140,"column":31},"end":{"line":140,"column":null}},"57":{"start":{"line":142,"column":8},"end":{"line":142,"column":null}},"58":{"start":{"line":143,"column":8},"end":{"line":147,"column":null}},"59":{"start":{"line":143,"column":28},"end":{"line":147,"column":10}},"60":{"start":{"line":149,"column":8},"end":{"line":152,"column":null}},"61":{"start":{"line":150,"column":16},"end":{"line":150,"column":null}},"62":{"start":{"line":154,"column":8},"end":{"line":154,"column":null}},"63":{"start":{"line":154,"column":31},"end":{"line":154,"column":null}},"64":{"start":{"line":155,"column":8},"end":{"line":155,"column":null}},"65":{"start":{"line":162,"column":17},"end":{"line":170,"column":null}},"66":{"start":{"line":163,"column":4},"end":{"line":163,"column":null}},"67":{"start":{"line":164,"column":18},"end":{"line":164,"column":null}},"68":{"start":{"line":165,"column":4},"end":{"line":165,"column":null}},"69":{"start":{"line":166,"column":4},"end":{"line":166,"column":null}},"70":{"start":{"line":167,"column":4},"end":{"line":169,"column":null}},"71":{"start":{"line":168,"column":6},"end":{"line":168,"column":null}},"72":{"start":{"line":168,"column":46},"end":{"line":168,"column":55}},"73":{"start":{"line":172,"column":16},"end":{"line":174,"column":null}},"74":{"start":{"line":173,"column":4},"end":{"line":173,"column":null}},"75":{"start":{"line":176,"column":2},"end":{"line":176,"column":null}}},"fnMap":{"0":{"name":"toErrorBody","decl":{"start":{"line":40,"column":9},"end":{"line":40,"column":21}},"loc":{"start":{"line":40,"column":48},"end":{"line":49,"column":null}},"line":40},"1":{"name":"useAnalysis","decl":{"start":{"line":51,"column":16},"end":{"line":51,"column":30}},"loc":{"start":{"line":51,"column":30},"end":{"line":177,"column":null}},"line":51},"2":{"name":"(anonymous_2)","decl":{"start":{"line":59,"column":21},"end":{"line":59,"column":39}},"loc":{"start":{"line":59,"column":39},"end":{"line":64,"column":5}},"line":59},"3":{"name":"(anonymous_3)","decl":{"start":{"line":67,"column":2},"end":{"line":67,"column":18}},"loc":{"start":{"line":67,"column":18},"end":{"line":78,"column":5}},"line":67},"4":{"name":"(anonymous_4)","decl":{"start":{"line":68,"column":10},"end":{"line":68,"column":27}},"loc":{"start":{"line":68,"column":27},"end":{"line":70,"column":null}},"line":68},"5":{"name":"(anonymous_5)","decl":{"start":{"line":72,"column":4},"end":{"line":72,"column":17}},"loc":{"start":{"line":72,"column":17},"end":{"line":77,"column":null}},"line":72},"6":{"name":"(anonymous_6)","decl":{"start":{"line":81,"column":4},"end":{"line":81,"column":11}},"loc":{"start":{"line":81,"column":29},"end":{"line":129,"column":null}},"line":81},"7":{"name":"(anonymous_7)","decl":{"start":{"line":102,"column":10},"end":{"line":102,"column":20}},"loc":{"start":{"line":102,"column":30},"end":{"line":107,"column":12}},"line":102},"8":{"name":"(anonymous_8)","decl":{"start":{"line":111,"column":8},"end":{"line":111,"column":18}},"loc":{"start":{"line":111,"column":28},"end":{"line":116,"column":10}},"line":111},"9":{"name":"(anonymous_9)","decl":{"start":{"line":119,"column":34},"end":{"line":119,"column":51}},"loc":{"start":{"line":119,"column":51},"end":{"line":119,"column":69}},"line":119},"10":{"name":"(anonymous_10)","decl":{"start":{"line":122,"column":8},"end":{"line":122,"column":18}},"loc":{"start":{"line":122,"column":28},"end":{"line":127,"column":10}},"line":122},"11":{"name":"(anonymous_11)","decl":{"start":{"line":134,"column":4},"end":{"line":134,"column":11}},"loc":{"start":{"line":134,"column":29},"end":{"line":157,"column":null}},"line":134},"12":{"name":"(anonymous_12)","decl":{"start":{"line":143,"column":8},"end":{"line":143,"column":18}},"loc":{"start":{"line":143,"column":28},"end":{"line":147,"column":10}},"line":143},"13":{"name":"(anonymous_13)","decl":{"start":{"line":149,"column":34},"end":{"line":149,"column":null}},"loc":{"start":{"line":150,"column":16},"end":{"line":150,"column":null}},"line":150},"14":{"name":"(anonymous_14)","decl":{"start":{"line":162,"column":29},"end":{"line":162,"column":41}},"loc":{"start":{"line":162,"column":41},"end":{"line":170,"column":5}},"line":162},"15":{"name":"(anonymous_15)","decl":{"start":{"line":168,"column":34},"end":{"line":168,"column":46}},"loc":{"start":{"line":168,"column":46},"end":{"line":168,"column":55}},"line":168},"16":{"name":"(anonymous_16)","decl":{"start":{"line":172,"column":16},"end":{"line":172,"column":34}},"loc":{"start":{"line":172,"column":34},"end":{"line":174,"column":5}},"line":172}},"branchMap":{"0":{"loc":{"start":{"line":41,"column":2},"end":{"line":43,"column":null}},"type":"if","locations":[{"start":{"line":41,"column":2},"end":{"line":43,"column":null}},{"start":{},"end":{}}],"line":41},"1":{"loc":{"start":{"line":60,"column":4},"end":{"line":63,"column":null}},"type":"if","locations":[{"start":{"line":60,"column":4},"end":{"line":63,"column":null}},{"start":{},"end":{}}],"line":60},"2":{"loc":{"start":{"line":69,"column":6},"end":{"line":69,"column":null}},"type":"if","locations":[{"start":{"line":69,"column":6},"end":{"line":69,"column":null}},{"start":{},"end":{}}],"line":69},"3":{"loc":{"start":{"line":76,"column":6},"end":{"line":76,"column":null}},"type":"if","locations":[{"start":{"line":76,"column":6},"end":{"line":76,"column":null}},{"start":{},"end":{}}],"line":76},"4":{"loc":{"start":{"line":82,"column":6},"end":{"line":82,"column":null}},"type":"if","locations":[{"start":{"line":82,"column":6},"end":{"line":82,"column":null}},{"start":{},"end":{}}],"line":82},"5":{"loc":{"start":{"line":86,"column":8},"end":{"line":86,"column":null}},"type":"if","locations":[{"start":{"line":86,"column":8},"end":{"line":86,"column":null}},{"start":{},"end":{}}],"line":86},"6":{"loc":{"start":{"line":88,"column":8},"end":{"line":99,"column":null}},"type":"if","locations":[{"start":{"line":88,"column":8},"end":{"line":99,"column":null}},{"start":{},"end":{}}],"line":88},"7":{"loc":{"start":{"line":90,"column":10},"end":{"line":90,"column":null}},"type":"if","locations":[{"start":{"line":90,"column":10},"end":{"line":90,"column":null}},{"start":{},"end":{}}],"line":90},"8":{"loc":{"start":{"line":101,"column":8},"end":{"line":109,"column":null}},"type":"if","locations":[{"start":{"line":101,"column":8},"end":{"line":109,"column":null}},{"start":{},"end":{}}],"line":101},"9":{"loc":{"start":{"line":106,"column":19},"end":{"line":106,"column":null}},"type":"binary-expr","locations":[{"start":{"line":106,"column":19},"end":{"line":106,"column":35}},{"start":{"line":106,"column":35},"end":{"line":106,"column":null}}],"line":106},"10":{"loc":{"start":{"line":118,"column":22},"end":{"line":118,"column":74}},"type":"binary-expr","locations":[{"start":{"line":118,"column":22},"end":{"line":118,"column":49}},{"start":{"line":118,"column":49},"end":{"line":118,"column":74}}],"line":118},"11":{"loc":{"start":{"line":121,"column":8},"end":{"line":121,"column":null}},"type":"if","locations":[{"start":{"line":121,"column":8},"end":{"line":121,"column":null}},{"start":{},"end":{}}],"line":121},"12":{"loc":{"start":{"line":140,"column":8},"end":{"line":140,"column":null}},"type":"if","locations":[{"start":{"line":140,"column":8},"end":{"line":140,"column":null}},{"start":{},"end":{}}],"line":140},"13":{"loc":{"start":{"line":154,"column":8},"end":{"line":154,"column":null}},"type":"if","locations":[{"start":{"line":154,"column":8},"end":{"line":154,"column":null}},{"start":{},"end":{}}],"line":154},"14":{"loc":{"start":{"line":167,"column":4},"end":{"line":169,"column":null}},"type":"if","locations":[{"start":{"line":167,"column":4},"end":{"line":169,"column":null}},{"start":{},"end":{}}],"line":167}},"s":{"0":1,"1":1,"2":2,"3":2,"4":0,"5":31,"6":31,"7":31,"8":31,"9":31,"10":20,"11":8,"12":8,"13":31,"14":9,"15":0,"16":0,"17":9,"18":9,"19":9,"20":9,"21":9,"22":9,"23":6,"24":31,"25":11,"26":0,"27":11,"28":11,"29":10,"30":0,"31":10,"32":6,"33":6,"34":0,"35":6,"36":6,"37":4,"38":1,"39":1,"40":1,"41":3,"42":3,"43":3,"44":11,"45":3,"46":1,"47":0,"48":1,"49":1,"50":31,"51":9,"52":9,"53":9,"54":9,"55":8,"56":0,"57":8,"58":8,"59":8,"60":8,"61":8,"62":1,"63":0,"64":1,"65":31,"66":2,"67":2,"68":2,"69":2,"70":2,"71":2,"72":1,"73":31,"74":2,"75":31},"f":{"0":2,"1":31,"2":20,"3":9,"4":0,"5":9,"6":11,"7":1,"8":3,"9":3,"10":1,"11":9,"12":8,"13":8,"14":2,"15":1,"16":2},"b":{"0":[2,0],"1":[8,12],"2":[0,0],"3":[6,3],"4":[0,11],"5":[0,10],"6":[6,4],"7":[0,6],"8":[1,3],"9":[1,0],"10":[3,0],"11":[0,1],"12":[0,8],"13":[0,1],"14":[2,0]},"meta":{"lastBranch":15,"lastFunction":17,"lastStatement":76,"seen":{"s:30:23:36:Infinity":0,"s:38:30:38:Infinity":1,"f:40:9:40:21":0,"b:41:2:43:Infinity:undefined:undefined:undefined:undefined":0,"s:41:2:43:Infinity":2,"s:42:4:42:Infinity":3,"s:44:2:48:Infinity":4,"f:51:16:51:30":1,"s:52:28:52:Infinity":5,"s:55:19:55:Infinity":6,"s:56:19:56:Infinity":7,"s:57:19:57:Infinity":8,"s:59:21:64:Infinity":9,"f:59:21:59:39":2,"b:60:4:63:Infinity:undefined:undefined:undefined:undefined":1,"s:60:4:63:Infinity":10,"s:61:6:61:Infinity":11,"s:62:6:62:Infinity":12,"s:67:2:78:Infinity":13,"f:67:2:67:18":3,"s:68:10:70:Infinity":14,"f:68:10:68:27":4,"b:69:6:69:Infinity:undefined:undefined:undefined:undefined":2,"s:69:6:69:Infinity":15,"s:69:28:69:Infinity":16,"s:71:4:71:Infinity":17,"s:72:4:77:Infinity":18,"f:72:4:72:17":5,"s:73:6:73:Infinity":19,"s:74:6:74:Infinity":20,"s:75:6:75:Infinity":21,"b:76:6:76:Infinity:undefined:undefined:undefined:undefined":3,"s:76:6:76:Infinity":22,"s:76:28:76:Infinity":23,"s:80:15:131:Infinity":24,"f:81:4:81:11":6,"b:82:6:82:Infinity:undefined:undefined:undefined:undefined":4,"s:82:6:82:Infinity":25,"s:82:29:82:Infinity":26,"s:84:6:128:Infinity":27,"s:85:23:85:Infinity":28,"b:86:8:86:Infinity:undefined:undefined:undefined:undefined":5,"s:86:8:86:Infinity":29,"s:86:31:86:Infinity":30,"b:88:8:99:Infinity:undefined:undefined:undefined:undefined":6,"s:88:8:99:Infinity":31,"s:89:25:89:Infinity":32,"b:90:10:90:Infinity:undefined:undefined:undefined:undefined":7,"s:90:10:90:Infinity":33,"s:90:33:90:Infinity":34,"s:91:10:97:Infinity":35,"s:98:10:98:Infinity":36,"b:101:8:109:Infinity:undefined:undefined:undefined:undefined":8,"s:101:8:109:Infinity":37,"s:102:10:107:Infinity":38,"f:102:10:102:20":7,"s:102:30:107:12":39,"b:106:19:106:35:106:35:106:Infinity":9,"s:108:10:108:Infinity":40,"s:111:8:116:Infinity":41,"f:111:8:111:18":8,"s:111:28:116:10":42,"s:118:14:118:Infinity":43,"b:118:22:118:49:118:49:118:74":10,"s:119:8:119:Infinity":44,"f:119:34:119:51":9,"s:119:51:119:69":45,"b:121:8:121:Infinity:undefined:undefined:undefined:undefined":11,"s:121:8:121:Infinity":46,"s:121:31:121:Infinity":47,"s:122:8:127:Infinity":48,"f:122:8:122:18":10,"s:122:28:127:10":49,"s:133:16:159:Infinity":50,"f:134:4:134:11":11,"s:135:6:135:Infinity":51,"s:136:6:136:Infinity":52,"s:138:6:156:Infinity":53,"s:139:24:139:Infinity":54,"b:140:8:140:Infinity:undefined:undefined:undefined:undefined":12,"s:140:8:140:Infinity":55,"s:140:31:140:Infinity":56,"s:142:8:142:Infinity":57,"s:143:8:147:Infinity":58,"f:143:8:143:18":12,"s:143:28:147:10":59,"s:149:8:152:Infinity":60,"f:149:34:149:Infinity":13,"s:150:16:150:Infinity":61,"b:154:8:154:Infinity:undefined:undefined:undefined:undefined":13,"s:154:8:154:Infinity":62,"s:154:31:154:Infinity":63,"s:155:8:155:Infinity":64,"s:162:17:170:Infinity":65,"f:162:29:162:41":14,"s:163:4:163:Infinity":66,"s:164:18:164:Infinity":67,"s:165:4:165:Infinity":68,"s:166:4:166:Infinity":69,"b:167:4:169:Infinity:undefined:undefined:undefined:undefined":14,"s:167:4:169:Infinity":70,"s:168:6:168:Infinity":71,"f:168:34:168:46":15,"s:168:46:168:55":72,"s:172:16:174:Infinity":73,"f:172:16:172:34":16,"s:173:4:173:Infinity":74,"s:176:2:176:Infinity":75},"fnNames":{}}}
,"C:\\Coding\\Friend-Cost\\frontend\\src\\lib\\format.ts": {"path":"C:\\Coding\\Friend-Cost\\frontend\\src\\lib\\format.ts","statementMap":{"0":{"start":{"line":6,"column":2},"end":{"line":6,"column":null}},"1":{"start":{"line":10,"column":2},"end":{"line":10,"column":null}},"2":{"start":{"line":20,"column":2},"end":{"line":20,"column":null}},"3":{"start":{"line":20,"column":24},"end":{"line":20,"column":null}},"4":{"start":{"line":21,"column":2},"end":{"line":21,"column":null}},"5":{"start":{"line":21,"column":20},"end":{"line":21,"column":null}},"6":{"start":{"line":23,"column":18},"end":{"line":23,"column":null}},"7":{"start":{"line":24,"column":2},"end":{"line":24,"column":null}},"8":{"start":{"line":24,"column":20},"end":{"line":24,"column":null}},"9":{"start":{"line":26,"column":16},"end":{"line":26,"column":null}},"10":{"start":{"line":27,"column":15},"end":{"line":27,"column":null}},"11":{"start":{"line":28,"column":2},"end":{"line":28,"column":null}},"12":{"start":{"line":32,"column":2},"end":{"line":32,"column":null}},"13":{"start":{"line":32,"column":24},"end":{"line":32,"column":null}},"14":{"start":{"line":33,"column":15},"end":{"line":33,"column":null}},"15":{"start":{"line":34,"column":2},"end":{"line":34,"column":null}},"16":{"start":{"line":34,"column":16},"end":{"line":34,"column":null}},"17":{"start":{"line":35,"column":2},"end":{"line":35,"column":null}},"18":{"start":{"line":35,"column":17},"end":{"line":35,"column":null}},"19":{"start":{"line":36,"column":17},"end":{"line":36,"column":null}},"20":{"start":{"line":37,"column":2},"end":{"line":37,"column":null}},"21":{"start":{"line":40,"column":60},"end":{"line":44,"column":null}},"22":{"start":{"line":47,"column":66},"end":{"line":51,"column":null}},"23":{"start":{"line":55,"column":15},"end":{"line":55,"column":null}},"24":{"start":{"line":56,"column":18},"end":{"line":56,"column":null}},"25":{"start":{"line":57,"column":15},"end":{"line":57,"column":null}},"26":{"start":{"line":58,"column":2},"end":{"line":58,"column":null}}},"fnMap":{"0":{"name":"formatWon","decl":{"start":{"line":5,"column":16},"end":{"line":5,"column":26}},"loc":{"start":{"line":5,"column":49},"end":{"line":7,"column":null}},"line":5},"1":{"name":"formatPercent","decl":{"start":{"line":9,"column":16},"end":{"line":9,"column":30}},"loc":{"start":{"line":9,"column":53},"end":{"line":11,"column":null}},"line":9},"2":{"name":"formatDuration","decl":{"start":{"line":19,"column":16},"end":{"line":19,"column":31}},"loc":{"start":{"line":19,"column":63},"end":{"line":29,"column":null}},"line":19},"3":{"name":"formatSpan","decl":{"start":{"line":31,"column":16},"end":{"line":31,"column":27}},"loc":{"start":{"line":31,"column":59},"end":{"line":38,"column":null}},"line":31},"4":{"name":"formatCountdown","decl":{"start":{"line":54,"column":16},"end":{"line":54,"column":32}},"loc":{"start":{"line":54,"column":57},"end":{"line":59,"column":null}},"line":54}},"branchMap":{"0":{"loc":{"start":{"line":20,"column":2},"end":{"line":20,"column":null}},"type":"if","locations":[{"start":{"line":20,"column":2},"end":{"line":20,"column":null}},{"start":{},"end":{}}],"line":20},"1":{"loc":{"start":{"line":21,"column":2},"end":{"line":21,"column":null}},"type":"if","locations":[{"start":{"line":21,"column":2},"end":{"line":21,"column":null}},{"start":{},"end":{}}],"line":21},"2":{"loc":{"start":{"line":24,"column":2},"end":{"line":24,"column":null}},"type":"if","locations":[{"start":{"line":24,"column":2},"end":{"line":24,"column":null}},{"start":{},"end":{}}],"line":24},"3":{"loc":{"start":{"line":28,"column":9},"end":{"line":28,"column":null}},"type":"cond-expr","locations":[{"start":{"line":28,"column":22},"end":{"line":28,"column":37}},{"start":{"line":28,"column":37},"end":{"line":28,"column":null}}],"line":28},"4":{"loc":{"start":{"line":32,"column":2},"end":{"line":32,"column":null}},"type":"if","locations":[{"start":{"line":32,"column":2},"end":{"line":32,"column":null}},{"start":{},"end":{}}],"line":32},"5":{"loc":{"start":{"line":34,"column":2},"end":{"line":34,"column":null}},"type":"if","locations":[{"start":{"line":34,"column":2},"end":{"line":34,"column":null}},{"start":{},"end":{}}],"line":34},"6":{"loc":{"start":{"line":35,"column":2},"end":{"line":35,"column":null}},"type":"if","locations":[{"start":{"line":35,"column":2},"end":{"line":35,"column":null}},{"start":{},"end":{}}],"line":35}},"s":{"0":27,"1":29,"2":58,"3":3,"4":55,"5":2,"6":53,"7":53,"8":50,"9":3,"10":3,"11":3,"12":23,"13":1,"14":22,"15":22,"16":1,"17":21,"18":20,"19":1,"20":1,"21":3,"22":3,"23":22,"24":22,"25":22,"26":22},"f":{"0":27,"1":29,"2":58,"3":23,"4":22},"b":{"0":[3,55],"1":[2,53],"2":[50,3],"3":[2,1],"4":[1,22],"5":[1,21],"6":[20,1]},"meta":{"lastBranch":7,"lastFunction":5,"lastStatement":27,"seen":{"f:5:16:5:26":0,"s:6:2:6:Infinity":0,"f:9:16:9:30":1,"s:10:2:10:Infinity":1,"f:19:16:19:31":2,"b:20:2:20:Infinity:undefined:undefined:undefined:undefined":0,"s:20:2:20:Infinity":2,"s:20:24:20:Infinity":3,"b:21:2:21:Infinity:undefined:undefined:undefined:undefined":1,"s:21:2:21:Infinity":4,"s:21:20:21:Infinity":5,"s:23:18:23:Infinity":6,"b:24:2:24:Infinity:undefined:undefined:undefined:undefined":2,"s:24:2:24:Infinity":7,"s:24:20:24:Infinity":8,"s:26:16:26:Infinity":9,"s:27:15:27:Infinity":10,"s:28:2:28:Infinity":11,"b:28:22:28:37:28:37:28:Infinity":3,"f:31:16:31:27":3,"b:32:2:32:Infinity:undefined:undefined:undefined:undefined":4,"s:32:2:32:Infinity":12,"s:32:24:32:Infinity":13,"s:33:15:33:Infinity":14,"b:34:2:34:Infinity:undefined:undefined:undefined:undefined":5,"s:34:2:34:Infinity":15,"s:34:16:34:Infinity":16,"b:35:2:35:Infinity:undefined:undefined:undefined:undefined":6,"s:35:2:35:Infinity":17,"s:35:17:35:Infinity":18,"s:36:17:36:Infinity":19,"s:37:2:37:Infinity":20,"s:40:60:44:Infinity":21,"s:47:66:51:Infinity":22,"f:54:16:54:32":4,"s:55:15:55:Infinity":23,"s:56:18:56:Infinity":24,"s:57:15:57:Infinity":25,"s:58:2:58:Infinity":26},"fnNames":{}}}
,"C:\\Coding\\Friend-Cost\\frontend\\src\\lib\\shareImage.ts": {"path":"C:\\Coding\\Friend-Cost\\frontend\\src\\lib\\shareImage.ts","statementMap":{"0":{"start":{"line":16,"column":14},"end":{"line":16,"column":null}},"1":{"start":{"line":17,"column":16},"end":{"line":17,"column":null}},"2":{"start":{"line":18,"column":11},"end":{"line":18,"column":null}},"3":{"start":{"line":19,"column":13},"end":{"line":19,"column":null}},"4":{"start":{"line":20,"column":15},"end":{"line":20,"column":null}},"5":{"start":{"line":21,"column":13},"end":{"line":21,"column":null}},"6":{"start":{"line":22,"column":14},"end":{"line":22,"column":null}},"7":{"start":{"line":25,"column":2},"end":{"line":25,"column":null}},"8":{"start":{"line":28,"column":2},"end":{"line":28,"column":null}},"9":{"start":{"line":40,"column":16},"end":{"line":40,"column":null}},"10":{"start":{"line":41,"column":13},"end":{"line":41,"column":null}},"11":{"start":{"line":42,"column":15},"end":{"line":42,"column":null}},"12":{"start":{"line":44,"column":2},"end":{"line":53,"column":null}},"13":{"start":{"line":45,"column":22},"end":{"line":45,"column":null}},"14":{"start":{"line":46,"column":4},"end":{"line":52,"column":null}},"15":{"start":{"line":47,"column":6},"end":{"line":47,"column":null}},"16":{"start":{"line":48,"column":6},"end":{"line":48,"column":null}},"17":{"start":{"line":49,"column":6},"end":{"line":49,"column":null}},"18":{"start":{"line":51,"column":6},"end":{"line":51,"column":null}},"19":{"start":{"line":54,"column":2},"end":{"line":57,"column":null}},"20":{"start":{"line":55,"column":4},"end":{"line":55,"column":null}},"21":{"start":{"line":56,"column":4},"end":{"line":56,"column":null}},"22":{"start":{"line":58,"column":2},"end":{"line":58,"column":null}},"23":{"start":{"line":69,"column":2},"end":{"line":69,"column":null}},"24":{"start":{"line":70,"column":2},"end":{"line":70,"column":null}},"25":{"start":{"line":71,"column":2},"end":{"line":71,"column":null}},"26":{"start":{"line":72,"column":2},"end":{"line":72,"column":null}},"27":{"start":{"line":73,"column":2},"end":{"line":73,"column":null}},"28":{"start":{"line":74,"column":2},"end":{"line":74,"column":null}},"29":{"start":{"line":75,"column":2},"end":{"line":75,"column":null}},"30":{"start":{"line":76,"column":2},"end":{"line":76,"column":null}},"31":{"start":{"line":85,"column":21},"end":{"line":85,"column":null}},"32":{"start":{"line":86,"column":2},"end":{"line":93,"column":null}},"33":{"start":{"line":100,"column":18},"end":{"line":100,"column":null}},"34":{"start":{"line":101,"column":15},"end":{"line":101,"column":null}},"35":{"start":{"line":102,"column":17},"end":{"line":102,"column":null}},"36":{"start":{"line":104,"column":2},"end":{"line":104,"column":null}},"37":{"start":{"line":105,"column":2},"end":{"line":105,"column":null}},"38":{"start":{"line":107,"column":14},"end":{"line":107,"column":null}},"39":{"start":{"line":108,"column":2},"end":{"line":108,"column":null}},"40":{"start":{"line":108,"column":12},"end":{"line":108,"column":null}},"41":{"start":{"line":110,"column":2},"end":{"line":110,"column":null}},"42":{"start":{"line":111,"column":2},"end":{"line":111,"column":null}},"43":{"start":{"line":113,"column":16},"end":{"line":113,"column":null}},"44":{"start":{"line":114,"column":10},"end":{"line":114,"column":null}},"45":{"start":{"line":116,"column":2},"end":{"line":116,"column":null}},"46":{"start":{"line":117,"column":2},"end":{"line":117,"column":null}},"47":{"start":{"line":118,"column":2},"end":{"line":118,"column":null}},"48":{"start":{"line":119,"column":2},"end":{"line":119,"column":null}},"49":{"start":{"line":122,"column":2},"end":{"line":122,"column":null}},"50":{"start":{"line":123,"column":2},"end":{"line":123,"column":null}},"51":{"start":{"line":124,"column":2},"end":{"line":124,"column":null}},"52":{"start":{"line":125,"column":2},"end":{"line":125,"column":null}},"53":{"start":{"line":127,"column":2},"end":{"line":127,"column":null}},"54":{"start":{"line":128,"column":2},"end":{"line":128,"column":null}},"55":{"start":{"line":129,"column":2},"end":{"line":129,"column":null}},"56":{"start":{"line":130,"column":2},"end":{"line":130,"column":null}},"57":{"start":{"line":132,"column":2},"end":{"line":132,"column":null}},"58":{"start":{"line":133,"column":2},"end":{"line":133,"column":null}},"59":{"start":{"line":134,"column":2},"end":{"line":134,"column":null}},"60":{"start":{"line":135,"column":2},"end":{"line":135,"column":null}},"61":{"start":{"line":138,"column":14},"end":{"line":138,"column":null}},"62":{"start":{"line":139,"column":8},"end":{"line":139,"column":null}},"63":{"start":{"line":140,"column":16},"end":{"line":140,"column":null}},"64":{"start":{"line":142,"column":2},"end":{"line":158,"column":null}},"65":{"start":{"line":143,"column":16},"end":{"line":143,"column":null}},"66":{"start":{"line":144,"column":16},"end":{"line":144,"column":null}},"67":{"start":{"line":145,"column":14},"end":{"line":145,"column":null}},"68":{"start":{"line":146,"column":16},"end":{"line":146,"column":null}},"69":{"start":{"line":148,"column":4},"end":{"line":148,"column":null}},"70":{"start":{"line":149,"column":4},"end":{"line":149,"column":null}},"71":{"start":{"line":151,"column":4},"end":{"line":151,"column":null}},"72":{"start":{"line":152,"column":4},"end":{"line":152,"column":null}},"73":{"start":{"line":153,"column":4},"end":{"line":153,"column":null}},"74":{"start":{"line":155,"column":4},"end":{"line":155,"column":null}},"75":{"start":{"line":156,"column":4},"end":{"line":156,"column":null}},"76":{"start":{"line":157,"column":4},"end":{"line":157,"column":null}},"77":{"start":{"line":160,"column":2},"end":{"line":160,"column":null}},"78":{"start":{"line":162,"column":2},"end":{"line":162,"column":null}},"79":{"start":{"line":163,"column":2},"end":{"line":163,"column":null}},"80":{"start":{"line":164,"column":2},"end":{"line":164,"column":null}},"81":{"start":{"line":177,"column":15},"end":{"line":179,"column":null}},"82":{"start":{"line":178,"column":4},"end":{"line":178,"column":null}},"83":{"start":{"line":180,"column":2},"end":{"line":180,"column":null}},"84":{"start":{"line":180,"column":13},"end":{"line":180,"column":null}},"85":{"start":{"line":182,"column":15},"end":{"line":182,"column":null}},"86":{"start":{"line":184,"column":2},"end":{"line":191,"column":null}},"87":{"start":{"line":185,"column":4},"end":{"line":190,"column":null}},"88":{"start":{"line":186,"column":6},"end":{"line":186,"column":null}},"89":{"start":{"line":187,"column":6},"end":{"line":187,"column":null}},"90":{"start":{"line":193,"column":14},"end":{"line":193,"column":null}},"91":{"start":{"line":194,"column":17},"end":{"line":194,"column":null}},"92":{"start":{"line":195,"column":2},"end":{"line":195,"column":null}},"93":{"start":{"line":196,"column":2},"end":{"line":196,"column":null}},"94":{"start":{"line":197,"column":2},"end":{"line":197,"column":null}},"95":{"start":{"line":198,"column":2},"end":{"line":198,"column":null}},"96":{"start":{"line":199,"column":2},"end":{"line":199,"column":null}},"97":{"start":{"line":200,"column":2},"end":{"line":200,"column":null}},"98":{"start":{"line":201,"column":2},"end":{"line":201,"column":null}}},"fnMap":{"0":{"name":"font","decl":{"start":{"line":27,"column":9},"end":{"line":27,"column":14}},"loc":{"start":{"line":27,"column":50},"end":{"line":29,"column":null}},"line":27},"1":{"name":"wrapText","decl":{"start":{"line":32,"column":9},"end":{"line":32,"column":null}},"loc":{"start":{"line":39,"column":10},"end":{"line":59,"column":null}},"line":39},"2":{"name":"roundedRect","decl":{"start":{"line":61,"column":9},"end":{"line":61,"column":null}},"loc":{"start":{"line":68,"column":8},"end":{"line":77,"column":null}},"line":68},"3":{"name":"metricsOf","decl":{"start":{"line":84,"column":9},"end":{"line":84,"column":19}},"loc":{"start":{"line":84,"column":53},"end":{"line":94,"column":null}},"line":84},"4":{"name":"drawResultCard","decl":{"start":{"line":96,"column":16},"end":{"line":96,"column":null}},"loc":{"start":{"line":99,"column":8},"end":{"line":165,"column":null}},"line":99},"5":{"name":"(anonymous_5)","decl":{"start":{"line":142,"column":10},"end":{"line":142,"column":19}},"loc":{"start":{"line":142,"column":37},"end":{"line":158,"column":3}},"line":142},"6":{"name":"saveCard","decl":{"start":{"line":173,"column":22},"end":{"line":173,"column":null}},"loc":{"start":{"line":176,"column":47},"end":{"line":202,"column":null}},"line":176},"7":{"name":"(anonymous_7)","decl":{"start":{"line":177,"column":25},"end":{"line":177,"column":47}},"loc":{"start":{"line":178,"column":4},"end":{"line":178,"column":null}},"line":178}},"branchMap":{"0":{"loc":{"start":{"line":27,"column":28},"end":{"line":27,"column":50}},"type":"default-arg","locations":[{"start":{"line":27,"column":37},"end":{"line":27,"column":50}}],"line":27},"1":{"loc":{"start":{"line":45,"column":22},"end":{"line":45,"column":null}},"type":"cond-expr","locations":[{"start":{"line":45,"column":29},"end":{"line":45,"column":49}},{"start":{"line":45,"column":49},"end":{"line":45,"column":null}}],"line":45},"2":{"loc":{"start":{"line":46,"column":4},"end":{"line":52,"column":null}},"type":"if","locations":[{"start":{"line":46,"column":4},"end":{"line":52,"column":null}},{"start":{"line":50,"column":11},"end":{"line":52,"column":null}}],"line":46},"3":{"loc":{"start":{"line":46,"column":8},"end":{"line":46,"column":61}},"type":"binary-expr","locations":[{"start":{"line":46,"column":8},"end":{"line":46,"column":55}},{"start":{"line":46,"column":55},"end":{"line":46,"column":61}}],"line":46},"4":{"loc":{"start":{"line":54,"column":2},"end":{"line":57,"column":null}},"type":"if","locations":[{"start":{"line":54,"column":2},"end":{"line":57,"column":null}},{"start":{},"end":{}}],"line":54},"5":{"loc":{"start":{"line":108,"column":2},"end":{"line":108,"column":null}},"type":"if","locations":[{"start":{"line":108,"column":2},"end":{"line":108,"column":null}},{"start":{},"end":{}}],"line":108},"6":{"loc":{"start":{"line":175,"column":2},"end":{"line":175,"column":null}},"type":"default-arg","locations":[{"start":{"line":175,"column":13},"end":{"line":175,"column":null}}],"line":175},"7":{"loc":{"start":{"line":180,"column":2},"end":{"line":180,"column":null}},"type":"if","locations":[{"start":{"line":180,"column":2},"end":{"line":180,"column":null}},{"start":{},"end":{}}],"line":180},"8":{"loc":{"start":{"line":184,"column":2},"end":{"line":191,"column":null}},"type":"if","locations":[{"start":{"line":184,"column":2},"end":{"line":191,"column":null}},{"start":{},"end":{}}],"line":184}},"s":{"0":1,"1":1,"2":1,"3":1,"4":1,"5":1,"6":1,"7":1,"8":85,"9":10,"10":10,"11":10,"12":10,"13":65,"14":65,"15":0,"16":0,"17":0,"18":65,"19":10,"20":10,"21":10,"22":10,"23":30,"24":30,"25":30,"26":30,"27":30,"28":30,"29":30,"30":30,"31":6,"32":6,"33":6,"34":6,"35":6,"36":6,"37":6,"38":6,"39":6,"40":1,"41":5,"42":5,"43":5,"44":5,"45":5,"46":5,"47":5,"48":5,"49":5,"50":5,"51":5,"52":5,"53":5,"54":5,"55":5,"56":5,"57":5,"58":5,"59":5,"60":5,"61":5,"62":5,"63":5,"64":5,"65":30,"66":30,"67":30,"68":30,"69":30,"70":30,"71":30,"72":30,"73":30,"74":30,"75":30,"76":30,"77":5,"78":5,"79":5,"80":5,"81":4,"82":4,"83":4,"84":1,"85":3,"86":3,"87":2,"88":2,"89":1,"90":2,"91":2,"92":2,"93":2,"94":2,"95":2,"96":2,"97":2,"98":2},"f":{"0":85,"1":10,"2":30,"3":6,"4":6,"5":30,"6":4,"7":4},"b":{"0":[85],"1":[55,10],"2":[0,65],"3":[65,0],"4":[10,0],"5":[1,5],"6":[4],"7":[1,3],"8":[2,1]},"meta":{"lastBranch":9,"lastFunction":8,"lastStatement":99,"seen":{"s:16:14:16:Infinity":0,"s:17:16:17:Infinity":1,"s:18:11:18:Infinity":2,"s:19:13:19:Infinity":3,"s:20:15:20:Infinity":4,"s:21:13:21:Infinity":5,"s:22:14:22:Infinity":6,"s:25:2:25:Infinity":7,"f:27:9:27:14":0,"b:27:37:27:50":0,"s:28:2:28:Infinity":8,"f:32:9:32:Infinity":1,"s:40:16:40:Infinity":9,"s:41:13:41:Infinity":10,"s:42:15:42:Infinity":11,"s:44:2:53:Infinity":12,"s:45:22:45:Infinity":13,"b:45:29:45:49:45:49:45:Infinity":1,"b:46:4:52:Infinity:50:11:52:Infinity":2,"s:46:4:52:Infinity":14,"b:46:8:46:55:46:55:46:61":3,"s:47:6:47:Infinity":15,"s:48:6:48:Infinity":16,"s:49:6:49:Infinity":17,"s:51:6:51:Infinity":18,"b:54:2:57:Infinity:undefined:undefined:undefined:undefined":4,"s:54:2:57:Infinity":19,"s:55:4:55:Infinity":20,"s:56:4:56:Infinity":21,"s:58:2:58:Infinity":22,"f:61:9:61:Infinity":2,"s:69:2:69:Infinity":23,"s:70:2:70:Infinity":24,"s:71:2:71:Infinity":25,"s:72:2:72:Infinity":26,"s:73:2:73:Infinity":27,"s:74:2:74:Infinity":28,"s:75:2:75:Infinity":29,"s:76:2:76:Infinity":30,"f:84:9:84:19":3,"s:85:21:85:Infinity":31,"s:86:2:93:Infinity":32,"f:96:16:96:Infinity":4,"s:100:18:100:Infinity":33,"s:101:15:101:Infinity":34,"s:102:17:102:Infinity":35,"s:104:2:104:Infinity":36,"s:105:2:105:Infinity":37,"s:107:14:107:Infinity":38,"b:108:2:108:Infinity:undefined:undefined:undefined:undefined":5,"s:108:2:108:Infinity":39,"s:108:12:108:Infinity":40,"s:110:2:110:Infinity":41,"s:111:2:111:Infinity":42,"s:113:16:113:Infinity":43,"s:114:10:114:Infinity":44,"s:116:2:116:Infinity":45,"s:117:2:117:Infinity":46,"s:118:2:118:Infinity":47,"s:119:2:119:Infinity":48,"s:122:2:122:Infinity":49,"s:123:2:123:Infinity":50,"s:124:2:124:Infinity":51,"s:125:2:125:Infinity":52,"s:127:2:127:Infinity":53,"s:128:2:128:Infinity":54,"s:129:2:129:Infinity":55,"s:130:2:130:Infinity":56,"s:132:2:132:Infinity":57,"s:133:2:133:Infinity":58,"s:134:2:134:Infinity":59,"s:135:2:135:Infinity":60,"s:138:14:138:Infinity":61,"s:139:8:139:Infinity":62,"s:140:16:140:Infinity":63,"s:142:2:158:Infinity":64,"f:142:10:142:19":5,"s:143:16:143:Infinity":65,"s:144:16:144:Infinity":66,"s:145:14:145:Infinity":67,"s:146:16:146:Infinity":68,"s:148:4:148:Infinity":69,"s:149:4:149:Infinity":70,"s:151:4:151:Infinity":71,"s:152:4:152:Infinity":72,"s:153:4:153:Infinity":73,"s:155:4:155:Infinity":74,"s:156:4:156:Infinity":75,"s:157:4:157:Infinity":76,"s:160:2:160:Infinity":77,"s:162:2:162:Infinity":78,"s:163:2:163:Infinity":79,"s:164:2:164:Infinity":80,"f:173:22:173:Infinity":6,"b:175:13:175:Infinity":6,"s:177:15:179:Infinity":81,"f:177:25:177:47":7,"s:178:4:178:Infinity":82,"b:180:2:180:Infinity:undefined:undefined:undefined:undefined":7,"s:180:2:180:Infinity":83,"s:180:13:180:Infinity":84,"s:182:15:182:Infinity":85,"b:184:2:191:Infinity:undefined:undefined:undefined:undefined":8,"s:184:2:191:Infinity":86,"s:185:4:190:Infinity":87,"s:186:6:186:Infinity":88,"s:187:6:187:Infinity":89,"s:193:14:193:Infinity":90,"s:194:17:194:Infinity":91,"s:195:2:195:Infinity":92,"s:196:2:196:Infinity":93,"s:197:2:197:Infinity":94,"s:198:2:198:Infinity":95,"s:199:2:199:Infinity":96,"s:200:2:200:Infinity":97,"s:201:2:201:Infinity":98},"fnNames":{}}}
}
